Flow report for HW2_8
Sat Apr 04 06:49:49 2015
Quartus II Version 9.1 Build 350 03/24/2010 Service Pack 2 SJ Web Edition


---------------------
; Table of Contents ;
---------------------
  1. Legal Notice
  2. Flow Summary
  3. Flow Settings
  4. Flow Non-Default Global Settings
  5. Flow Elapsed Time
  6. Flow OS Summary
  7. Flow Log



----------------
; Legal Notice ;
----------------
Copyright (C) 1991-2010 Altera Corporation
Your use of Altera Corporation's design tools, logic functions 
and other software and tools, and its AMPP partner logic 
functions, and any output files from any of the foregoing 
(including device programming or simulation files), and any 
associated documentation or information are expressly subject 
to the terms and conditions of the Altera Program License 
Subscription Agreement, Altera MegaCore Function License 
Agreement, or other applicable license agreement, including, 
without limitation, that your use is for the sole purpose of 
programming logic devices manufactured by Altera and sold by 
Altera or its authorized distributors.  Please refer to the 
applicable agreement for further details.



+------------------------------------------------------------------------+
; Flow Summary                                                           ;
+-------------------------+----------------------------------------------+
; Flow Status             ; Successful - Sat Apr 04 06:49:48 2015        ;
; Quartus II Version      ; 9.1 Build 350 03/24/2010 SP 2 SJ Web Edition ;
; Revision Name           ; HW2_8                                        ;
; Top-level Entity Name   ; NS3                                          ;
; Family                  ; MAX II                                       ;
; Device                  ; EPM570T144C5                                 ;
; Timing Models           ; Final                                        ;
; Met timing requirements ; Yes                                          ;
; Total logic elements    ; 502 / 570 ( 88 % )                           ;
; Total pins              ; 98 / 116 ( 84 % )                            ;
; Total virtual pins      ; 0                                            ;
; UFM blocks              ; 0 / 1 ( 0 % )                                ;
+-------------------------+----------------------------------------------+


+-----------------------------------------+
; Flow Settings                           ;
+-------------------+---------------------+
; Option            ; Setting             ;
+-------------------+---------------------+
; Start date & time ; 04/04/2015 06:48:41 ;
; Main task         ; Compilation         ;
; Revision Name     ; HW2_8               ;
+-------------------+---------------------+


+-----------------------------------------------------------------------------------------------------------------------------------------------------------------+
; Flow Non-Default Global Settings                                                                                                                                ;
+-----------------------------------------+-------------------------------------------------------+--------------------------------+-------------+----------------+
; Assignment Name                         ; Value                                                 ; Default Value                  ; Entity Name ; Section Id     ;
+-----------------------------------------+-------------------------------------------------------+--------------------------------+-------------+----------------+
; ALWAYS_ENABLE_INPUT_BUFFERS             ; On                                                    ; Off                            ; --          ; --             ;
; COMPILER_SIGNATURE_ID                   ; 120901460567.142811932003744                          ; --                             ; --          ; --             ;
; ENABLE_LOGIC_ANALYZER_INTERFACE         ; Off                                                   ; --                             ; --          ; --             ;
; FITTER_EFFORT                           ; Standard Fit                                          ; Auto Fit                       ; --          ; --             ;
; FMAX_REQUIREMENT                        ; 80 MHz                                                ; --                             ; --          ; --             ;
; IP_TOOL_NAME                            ; LPM_BUSTRI                                            ; --                             ; --          ; --             ;
; IP_TOOL_NAME                            ; LPM_FF                                                ; --                             ; --          ; --             ;
; IP_TOOL_NAME                            ; LPM_MUX                                               ; --                             ; --          ; --             ;
; IP_TOOL_NAME                            ; LPM_MUX                                               ; --                             ; --          ; --             ;
; IP_TOOL_NAME                            ; LPM_MUX                                               ; --                             ; --          ; --             ;
; IP_TOOL_NAME                            ; LPM_BUSTRI                                            ; --                             ; --          ; --             ;
; IP_TOOL_NAME                            ; LPM_LATCH                                             ; --                             ; --          ; --             ;
; IP_TOOL_NAME                            ; LPM_FF                                                ; --                             ; --          ; --             ;
; IP_TOOL_NAME                            ; LPM_BUSTRI                                            ; --                             ; --          ; --             ;
; IP_TOOL_NAME                            ; MAX II oscillator                                     ; --                             ; --          ; --             ;
; IP_TOOL_NAME                            ; LPM_XOR                                               ; --                             ; --          ; --             ;
; IP_TOOL_NAME                            ; LPM_FF                                                ; --                             ; --          ; --             ;
; IP_TOOL_NAME                            ; LPM_COUNTER                                           ; --                             ; --          ; --             ;
; IP_TOOL_NAME                            ; LPM_OR                                                ; --                             ; --          ; --             ;
; IP_TOOL_NAME                            ; LPM_AND                                               ; --                             ; --          ; --             ;
; IP_TOOL_NAME                            ; LPM_AND                                               ; --                             ; --          ; --             ;
; IP_TOOL_NAME                            ; LPM_OR                                                ; --                             ; --          ; --             ;
; IP_TOOL_NAME                            ; LPM_XOR                                               ; --                             ; --          ; --             ;
; IP_TOOL_NAME                            ; LPM_MUX                                               ; --                             ; --          ; --             ;
; IP_TOOL_NAME                            ; LPM_FF                                                ; --                             ; --          ; --             ;
; IP_TOOL_NAME                            ; LPM_MUX                                               ; --                             ; --          ; --             ;
; IP_TOOL_VERSION                         ; 9.1                                                   ; --                             ; --          ; --             ;
; IP_TOOL_VERSION                         ; 9.1                                                   ; --                             ; --          ; --             ;
; IP_TOOL_VERSION                         ; 9.1                                                   ; --                             ; --          ; --             ;
; IP_TOOL_VERSION                         ; 9.1                                                   ; --                             ; --          ; --             ;
; IP_TOOL_VERSION                         ; 9.1                                                   ; --                             ; --          ; --             ;
; IP_TOOL_VERSION                         ; 9.1                                                   ; --                             ; --          ; --             ;
; IP_TOOL_VERSION                         ; 9.1                                                   ; --                             ; --          ; --             ;
; IP_TOOL_VERSION                         ; 9.1                                                   ; --                             ; --          ; --             ;
; IP_TOOL_VERSION                         ; 9.1                                                   ; --                             ; --          ; --             ;
; IP_TOOL_VERSION                         ; 9.1                                                   ; --                             ; --          ; --             ;
; IP_TOOL_VERSION                         ; 9.1                                                   ; --                             ; --          ; --             ;
; IP_TOOL_VERSION                         ; 9.1                                                   ; --                             ; --          ; --             ;
; IP_TOOL_VERSION                         ; 9.1                                                   ; --                             ; --          ; --             ;
; IP_TOOL_VERSION                         ; 9.1                                                   ; --                             ; --          ; --             ;
; IP_TOOL_VERSION                         ; 9.1                                                   ; --                             ; --          ; --             ;
; IP_TOOL_VERSION                         ; 9.1                                                   ; --                             ; --          ; --             ;
; IP_TOOL_VERSION                         ; 9.1                                                   ; --                             ; --          ; --             ;
; IP_TOOL_VERSION                         ; 9.1                                                   ; --                             ; --          ; --             ;
; IP_TOOL_VERSION                         ; 9.1                                                   ; --                             ; --          ; --             ;
; IP_TOOL_VERSION                         ; 9.1                                                   ; --                             ; --          ; --             ;
; IP_TOOL_VERSION                         ; 9.1                                                   ; --                             ; --          ; --             ;
; MAXII_OPTIMIZATION_TECHNIQUE            ; Speed                                                 ; Balanced                       ; --          ; --             ;
; MAX_CORE_JUNCTION_TEMP                  ; 85                                                    ; --                             ; --          ; --             ;
; MIN_CORE_JUNCTION_TEMP                  ; 0                                                     ; --                             ; --          ; --             ;
; MISC_FILE                               ; C:/altera/NS3/NS3.dpf                                 ; --                             ; --          ; --             ;
; MISC_FILE                               ; C:/altera/NS3_out/NS3.dpf                             ; --                             ; --          ; --             ;
; MISC_FILE                               ; C:/Projects/Altera/NS3_out/NS3.dpf                    ; --                             ; --          ; --             ;
; MISC_FILE                               ; lpm_bustri1.tdf                                       ; --                             ; --          ; --             ;
; MISC_FILE                               ; lpm_bustri1.bsf                                       ; --                             ; --          ; --             ;
; MISC_FILE                               ; lpm_bustri1.inc                                       ; --                             ; --          ; --             ;
; MISC_FILE                               ; lpm_dff3.bsf                                          ; --                             ; --          ; --             ;
; MISC_FILE                               ; lpm_dff3_bb.v                                         ; --                             ; --          ; --             ;
; MISC_FILE                               ; lpm_dff3.inc                                          ; --                             ; --          ; --             ;
; MISC_FILE                               ; lpm_mux2.tdf                                          ; --                             ; --          ; --             ;
; MISC_FILE                               ; lpm_mux2.bsf                                          ; --                             ; --          ; --             ;
; MISC_FILE                               ; lpm_mux2.inc                                          ; --                             ; --          ; --             ;
; MISC_FILE                               ; lpm_mux3.tdf                                          ; --                             ; --          ; --             ;
; MISC_FILE                               ; lpm_mux3.bsf                                          ; --                             ; --          ; --             ;
; MISC_FILE                               ; lpm_mux3.inc                                          ; --                             ; --          ; --             ;
; MISC_FILE                               ; lpm_mux4.bsf                                          ; --                             ; --          ; --             ;
; MISC_FILE                               ; lpm_mux4_bb.v                                         ; --                             ; --          ; --             ;
; MISC_FILE                               ; lpm_mux4.inc                                          ; --                             ; --          ; --             ;
; MISC_FILE                               ; lpm_bustri2.tdf                                       ; --                             ; --          ; --             ;
; MISC_FILE                               ; lpm_bustri2.bsf                                       ; --                             ; --          ; --             ;
; MISC_FILE                               ; lpm_bustri2.inc                                       ; --                             ; --          ; --             ;
; MISC_FILE                               ; lpm_latch0.tdf                                        ; --                             ; --          ; --             ;
; MISC_FILE                               ; lpm_latch0.bsf                                        ; --                             ; --          ; --             ;
; MISC_FILE                               ; lpm_latch0.inc                                        ; --                             ; --          ; --             ;
; MISC_FILE                               ; lpm_dff_min.tdf                                       ; --                             ; --          ; --             ;
; MISC_FILE                               ; lpm_dff_min.bsf                                       ; --                             ; --          ; --             ;
; MISC_FILE                               ; lpm_dff_min.inc                                       ; --                             ; --          ; --             ;
; MISC_FILE                               ; lpm_bustri3.tdf                                       ; --                             ; --          ; --             ;
; MISC_FILE                               ; lpm_bustri3.bsf                                       ; --                             ; --          ; --             ;
; MISC_FILE                               ; lpm_bustri3.inc                                       ; --                             ; --          ; --             ;
; MISC_FILE                               ; altufm_osc0.tdf                                       ; --                             ; --          ; --             ;
; MISC_FILE                               ; altufm_osc0.bsf                                       ; --                             ; --          ; --             ;
; MISC_FILE                               ; altufm_osc0.inc                                       ; --                             ; --          ; --             ;
; MISC_FILE                               ; lpm_xor0.tdf                                          ; --                             ; --          ; --             ;
; MISC_FILE                               ; lpm_xor0.bsf                                          ; --                             ; --          ; --             ;
; MISC_FILE                               ; lpm_xor0.inc                                          ; --                             ; --          ; --             ;
; MISC_FILE                               ; lpm_dff4.tdf                                          ; --                             ; --          ; --             ;
; MISC_FILE                               ; lpm_dff4.bsf                                          ; --                             ; --          ; --             ;
; MISC_FILE                               ; lpm_dff4.inc                                          ; --                             ; --          ; --             ;
; MISC_FILE                               ; lpm_counter1.tdf                                      ; --                             ; --          ; --             ;
; MISC_FILE                               ; lpm_counter1.bsf                                      ; --                             ; --          ; --             ;
; MISC_FILE                               ; lpm_counter1.inc                                      ; --                             ; --          ; --             ;
; MISC_FILE                               ; lpm_or0.tdf                                           ; --                             ; --          ; --             ;
; MISC_FILE                               ; lpm_or0.bsf                                           ; --                             ; --          ; --             ;
; MISC_FILE                               ; lpm_or0.inc                                           ; --                             ; --          ; --             ;
; MISC_FILE                               ; lpm_and0.tdf                                          ; --                             ; --          ; --             ;
; MISC_FILE                               ; lpm_and0.bsf                                          ; --                             ; --          ; --             ;
; MISC_FILE                               ; lpm_and0.inc                                          ; --                             ; --          ; --             ;
; MISC_FILE                               ; lpm_and1.tdf                                          ; --                             ; --          ; --             ;
; MISC_FILE                               ; lpm_and1.bsf                                          ; --                             ; --          ; --             ;
; MISC_FILE                               ; lpm_and1.inc                                          ; --                             ; --          ; --             ;
; MISC_FILE                               ; lpm_or1.tdf                                           ; --                             ; --          ; --             ;
; MISC_FILE                               ; lpm_or1.bsf                                           ; --                             ; --          ; --             ;
; MISC_FILE                               ; lpm_or1.inc                                           ; --                             ; --          ; --             ;
; MISC_FILE                               ; lpm_xor1.tdf                                          ; --                             ; --          ; --             ;
; MISC_FILE                               ; lpm_xor1.bsf                                          ; --                             ; --          ; --             ;
; MISC_FILE                               ; lpm_xor1.inc                                          ; --                             ; --          ; --             ;
; MISC_FILE                               ; lpm_mux8.tdf                                          ; --                             ; --          ; --             ;
; MISC_FILE                               ; lpm_mux8.bsf                                          ; --                             ; --          ; --             ;
; MISC_FILE                               ; lpm_mux8.inc                                          ; --                             ; --          ; --             ;
; MISC_FILE                               ; lpm_ff0.tdf                                           ; --                             ; --          ; --             ;
; MISC_FILE                               ; lpm_ff0.bsf                                           ; --                             ; --          ; --             ;
; MISC_FILE                               ; lpm_ff0.inc                                           ; --                             ; --          ; --             ;
; MISC_FILE                               ; C:/Projects/Altera/NS3_HWrev2_8____19_04_12/HW2_8.dpf ; --                             ; --          ; --             ;
; MISC_FILE                               ; C:/Projects/Altera/NS3_HWrev2_8____06_05_12/HW2_8.dpf ; --                             ; --          ; --             ;
; MISC_FILE                               ; lpm_mux7.tdf                                          ; --                             ; --          ; --             ;
; MISC_FILE                               ; lpm_mux7.bsf                                          ; --                             ; --          ; --             ;
; MISC_FILE                               ; lpm_mux7.inc                                          ; --                             ; --          ; --             ;
; OPTIMIZE_HOLD_TIMING                    ; All Paths                                             ; IO Paths and Minimum TPD Paths ; --          ; --             ;
; OPTIMIZE_POWER_DURING_SYNTHESIS         ; Off                                                   ; Normal compilation             ; --          ; --             ;
; PHYSICAL_SYNTHESIS_COMBO_LOGIC          ; On                                                    ; Off                            ; --          ; --             ;
; PHYSICAL_SYNTHESIS_EFFORT               ; Extra                                                 ; Normal                         ; --          ; --             ;
; PHYSICAL_SYNTHESIS_REGISTER_DUPLICATION ; On                                                    ; Off                            ; --          ; --             ;
; PHYSICAL_SYNTHESIS_REGISTER_RETIMING    ; On                                                    ; Off                            ; --          ; --             ;
; POWER_DEFAULT_INPUT_IO_TOGGLE_RATE      ; 50%                                                   ; 12.5%                          ; --          ; --             ;
; POWER_EXT_SUPPLY_VOLTAGE_TO_REGULATOR   ; 3.3V                                                  ; --                             ; --          ; --             ;
; POWER_PRESET_COOLING_SOLUTION           ; No Heat Sink With Still Air                           ; --                             ; --          ; --             ;
; SYNTH_TIMING_DRIVEN_SYNTHESIS           ; Off                                                   ; --                             ; --          ; --             ;
; TOP_LEVEL_ENTITY                        ; NS3                                                   ; HW2_8                          ; --          ; --             ;
; USE_GENERATED_PHYSICAL_CONSTRAINTS      ; Off                                                   ; --                             ; --          ; eda_blast_fpga ;
; USE_LOGICLOCK_CONSTRAINTS_IN_BALANCING  ; Off                                                   ; On                             ; --          ; --             ;
+-----------------------------------------+-------------------------------------------------------+--------------------------------+-------------+----------------+


+-----------------------------------------------------------------------------------------------------------------------------+
; Flow Elapsed Time                                                                                                           ;
+-------------------------+--------------+-------------------------+---------------------+------------------------------------+
; Module Name             ; Elapsed Time ; Average Processors Used ; Peak Virtual Memory ; Total CPU Time (on all processors) ;
+-------------------------+--------------+-------------------------+---------------------+------------------------------------+
; Analysis & Synthesis    ; 00:00:10     ; 1.0                     ; 208 MB              ; 00:00:12                           ;
; Fitter                  ; 00:00:11     ; 1.0                     ; 180 MB              ; 00:00:12                           ;
; Assembler               ; 00:00:01     ; 1.0                     ; 166 MB              ; 00:00:01                           ;
; Classic Timing Analyzer ; 00:00:02     ; 1.0                     ; 137 MB              ; 00:00:03                           ;
; Total                   ; 00:00:24     ; --                      ; --                  ; 00:00:28                           ;
+-------------------------+--------------+-------------------------+---------------------+------------------------------------+


+------------------------------------------------------------------------------------------+
; Flow OS Summary                                                                          ;
+-------------------------+------------------+---------------+------------+----------------+
; Module Name             ; Machine Hostname ; OS Name       ; OS Version ; Processor type ;
+-------------------------+------------------+---------------+------------+----------------+
; Analysis & Synthesis    ; REVO             ; Windows Vista ; 6.1        ; i686           ;
; Fitter                  ; REVO             ; Windows Vista ; 6.1        ; i686           ;
; Assembler               ; REVO             ; Windows Vista ; 6.1        ; i686           ;
; Classic Timing Analyzer ; REVO             ; Windows Vista ; 6.1        ; i686           ;
+-------------------------+------------------+---------------+------------+----------------+


------------
; Flow Log ;
------------
quartus_map --read_settings_files=on --write_settings_files=off NS3_HWrev2_8 -c HW2_8
quartus_fit --read_settings_files=off --write_settings_files=off NS3_HWrev2_8 -c HW2_8
quartus_asm --read_settings_files=off --write_settings_files=off NS3_HWrev2_8 -c HW2_8
quartus_tan --read_settings_files=off --write_settings_files=off NS3_HWrev2_8 -c HW2_8



