Flow report for HW3_2
Tue Apr 14 03:37:52 2015
Quartus II Version 9.1 Build 350 03/24/2010 Service Pack 2 SJ Web Edition


---------------------
; Table of Contents ;
---------------------
  1. Legal Notice
  2. Flow Summary
  3. Flow Settings
  4. Flow Non-Default Global Settings
  5. Flow Elapsed Time
  6. Flow OS Summary
  7. Flow Log



----------------
; Legal Notice ;
----------------
Copyright (C) 1991-2010 Altera Corporation
Your use of Altera Corporation's design tools, logic functions 
and other software and tools, and its AMPP partner logic 
functions, and any output files from any of the foregoing 
(including device programming or simulation files), and any 
associated documentation or information are expressly subject 
to the terms and conditions of the Altera Program License 
Subscription Agreement, Altera MegaCore Function License 
Agreement, or other applicable license agreement, including, 
without limitation, that your use is for the sole purpose of 
programming logic devices manufactured by Altera and sold by 
Altera or its authorized distributors.  Please refer to the 
applicable agreement for further details.



+------------------------------------------------------------------------+
; Flow Summary                                                           ;
+-------------------------+----------------------------------------------+
; Flow Status             ; Successful - Tue Apr 14 03:37:51 2015        ;
; Quartus II Version      ; 9.1 Build 350 03/24/2010 SP 2 SJ Web Edition ;
; Revision Name           ; HW3_2                                        ;
; Top-level Entity Name   ; NS3                                          ;
; Family                  ; MAX II                                       ;
; Device                  ; EPM570T144C5                                 ;
; Timing Models           ; Final                                        ;
; Met timing requirements ; Yes                                          ;
; Total logic elements    ; 510 / 570 ( 89 % )                           ;
; Total pins              ; 97 / 116 ( 84 % )                            ;
; Total virtual pins      ; 0                                            ;
; UFM blocks              ; 0 / 1 ( 0 % )                                ;
+-------------------------+----------------------------------------------+


+-----------------------------------------+
; Flow Settings                           ;
+-------------------+---------------------+
; Option            ; Setting             ;
+-------------------+---------------------+
; Start date & time ; 04/14/2015 03:37:20 ;
; Main task         ; Compilation         ;
; Revision Name     ; HW3_2               ;
+-------------------+---------------------+


+----------------------------------------------------------------------------------------------------------------------------------------------+
; Flow Non-Default Global Settings                                                                                                             ;
+---------------------------------------+-------------------------------------------------------+---------------+-------------+----------------+
; Assignment Name                       ; Value                                                 ; Default Value ; Entity Name ; Section Id     ;
+---------------------------------------+-------------------------------------------------------+---------------+-------------+----------------+
; ADV_NETLIST_OPT_SYNTH_WYSIWYG_REMAP   ; On                                                    ; Off           ; --          ; --             ;
; ALWAYS_ENABLE_INPUT_BUFFERS           ; On                                                    ; Off           ; --          ; --             ;
; COMPILER_SIGNATURE_ID                 ; 120901460567.142897183900532                          ; --            ; --          ; --             ;
; ENABLE_CLOCK_LATENCY                  ; On                                                    ; Off           ; --          ; --             ;
; ENABLE_LOGIC_ANALYZER_INTERFACE       ; Off                                                   ; --            ; --          ; --             ;
; ENABLE_RECOVERY_REMOVAL_ANALYSIS      ; On                                                    ; Off           ; --          ; --             ;
; FITTER_EFFORT                         ; Standard Fit                                          ; Auto Fit      ; --          ; --             ;
; FIT_ATTEMPTS_TO_SKIP                  ; 0                                                     ; 0.0           ; --          ; --             ;
; FLOW_ENABLE_TIMING_CONSTRAINT_CHECK   ; On                                                    ; Off           ; --          ; --             ;
; FMAX_REQUIREMENT                      ; 85 MHz                                                ; --            ; --          ; --             ;
; IP_TOOL_NAME                          ; LPM_BUSTRI                                            ; --            ; --          ; --             ;
; IP_TOOL_NAME                          ; LPM_FF                                                ; --            ; --          ; --             ;
; IP_TOOL_NAME                          ; LPM_MUX                                               ; --            ; --          ; --             ;
; IP_TOOL_NAME                          ; LPM_MUX                                               ; --            ; --          ; --             ;
; IP_TOOL_NAME                          ; LPM_MUX                                               ; --            ; --          ; --             ;
; IP_TOOL_NAME                          ; LPM_BUSTRI                                            ; --            ; --          ; --             ;
; IP_TOOL_NAME                          ; LPM_LATCH                                             ; --            ; --          ; --             ;
; IP_TOOL_NAME                          ; LPM_FF                                                ; --            ; --          ; --             ;
; IP_TOOL_NAME                          ; LPM_BUSTRI                                            ; --            ; --          ; --             ;
; IP_TOOL_NAME                          ; MAX II oscillator                                     ; --            ; --          ; --             ;
; IP_TOOL_NAME                          ; LPM_XOR                                               ; --            ; --          ; --             ;
; IP_TOOL_NAME                          ; LPM_FF                                                ; --            ; --          ; --             ;
; IP_TOOL_NAME                          ; LPM_COUNTER                                           ; --            ; --          ; --             ;
; IP_TOOL_NAME                          ; LPM_OR                                                ; --            ; --          ; --             ;
; IP_TOOL_NAME                          ; LPM_AND                                               ; --            ; --          ; --             ;
; IP_TOOL_NAME                          ; LPM_AND                                               ; --            ; --          ; --             ;
; IP_TOOL_NAME                          ; LPM_OR                                                ; --            ; --          ; --             ;
; IP_TOOL_NAME                          ; LPM_XOR                                               ; --            ; --          ; --             ;
; IP_TOOL_NAME                          ; LPM_MUX                                               ; --            ; --          ; --             ;
; IP_TOOL_NAME                          ; LPM_FF                                                ; --            ; --          ; --             ;
; IP_TOOL_NAME                          ; LPM_COMPARE                                           ; --            ; --          ; --             ;
; IP_TOOL_NAME                          ; LPM_INV                                               ; --            ; --          ; --             ;
; IP_TOOL_NAME                          ; LPM_COUNTER                                           ; --            ; --          ; --             ;
; IP_TOOL_NAME                          ; LPM_AND                                               ; --            ; --          ; --             ;
; IP_TOOL_NAME                          ; LPM_FF                                                ; --            ; --          ; --             ;
; IP_TOOL_NAME                          ; LPM_FF                                                ; --            ; --          ; --             ;
; IP_TOOL_NAME                          ; LPM_FIFO+                                             ; --            ; --          ; --             ;
; IP_TOOL_NAME                          ; LPM_COUNTER                                           ; --            ; --          ; --             ;
; IP_TOOL_VERSION                       ; 9.1                                                   ; --            ; --          ; --             ;
; IP_TOOL_VERSION                       ; 9.1                                                   ; --            ; --          ; --             ;
; IP_TOOL_VERSION                       ; 9.1                                                   ; --            ; --          ; --             ;
; IP_TOOL_VERSION                       ; 9.1                                                   ; --            ; --          ; --             ;
; IP_TOOL_VERSION                       ; 9.1                                                   ; --            ; --          ; --             ;
; IP_TOOL_VERSION                       ; 9.1                                                   ; --            ; --          ; --             ;
; IP_TOOL_VERSION                       ; 9.1                                                   ; --            ; --          ; --             ;
; IP_TOOL_VERSION                       ; 9.1                                                   ; --            ; --          ; --             ;
; IP_TOOL_VERSION                       ; 9.1                                                   ; --            ; --          ; --             ;
; IP_TOOL_VERSION                       ; 9.1                                                   ; --            ; --          ; --             ;
; IP_TOOL_VERSION                       ; 9.1                                                   ; --            ; --          ; --             ;
; IP_TOOL_VERSION                       ; 9.1                                                   ; --            ; --          ; --             ;
; IP_TOOL_VERSION                       ; 9.1                                                   ; --            ; --          ; --             ;
; IP_TOOL_VERSION                       ; 9.1                                                   ; --            ; --          ; --             ;
; IP_TOOL_VERSION                       ; 9.1                                                   ; --            ; --          ; --             ;
; IP_TOOL_VERSION                       ; 9.1                                                   ; --            ; --          ; --             ;
; IP_TOOL_VERSION                       ; 9.1                                                   ; --            ; --          ; --             ;
; IP_TOOL_VERSION                       ; 9.1                                                   ; --            ; --          ; --             ;
; IP_TOOL_VERSION                       ; 9.1                                                   ; --            ; --          ; --             ;
; IP_TOOL_VERSION                       ; 9.1                                                   ; --            ; --          ; --             ;
; IP_TOOL_VERSION                       ; 9.1                                                   ; --            ; --          ; --             ;
; IP_TOOL_VERSION                       ; 9.1                                                   ; --            ; --          ; --             ;
; IP_TOOL_VERSION                       ; 9.1                                                   ; --            ; --          ; --             ;
; IP_TOOL_VERSION                       ; 9.1                                                   ; --            ; --          ; --             ;
; IP_TOOL_VERSION                       ; 9.1                                                   ; --            ; --          ; --             ;
; IP_TOOL_VERSION                       ; 9.1                                                   ; --            ; --          ; --             ;
; IP_TOOL_VERSION                       ; 9.1                                                   ; --            ; --          ; --             ;
; IP_TOOL_VERSION                       ; 9.1                                                   ; --            ; --          ; --             ;
; MAXII_OPTIMIZATION_TECHNIQUE          ; Speed                                                 ; Balanced      ; --          ; --             ;
; MAX_CORE_JUNCTION_TEMP                ; 85                                                    ; --            ; --          ; --             ;
; MIN_CORE_JUNCTION_TEMP                ; 0                                                     ; --            ; --          ; --             ;
; MISC_FILE                             ; C:/altera/NS3/NS3.dpf                                 ; --            ; --          ; --             ;
; MISC_FILE                             ; C:/altera/NS3_out/NS3.dpf                             ; --            ; --          ; --             ;
; MISC_FILE                             ; C:/Projects/Altera/NS3_out/NS3.dpf                    ; --            ; --          ; --             ;
; MISC_FILE                             ; C:/Projects/Altera/NS3_HWrev2_8____19_04_12/HW2_8.dpf ; --            ; --          ; --             ;
; MISC_FILE                             ; C:/Projects/Altera/NS3_HWrev2_8____06_05_12/HW2_8.dpf ; --            ; --          ; --             ;
; MISC_FILE                             ; C:/Projects/Altera/NS3_HWrev3_2/HW3_2.dpf             ; --            ; --          ; --             ;
; MISC_FILE                             ; lpm_bustri1.tdf                                       ; --            ; --          ; --             ;
; MISC_FILE                             ; lpm_bustri1.bsf                                       ; --            ; --          ; --             ;
; MISC_FILE                             ; lpm_bustri1.inc                                       ; --            ; --          ; --             ;
; MISC_FILE                             ; lpm_dff3.bsf                                          ; --            ; --          ; --             ;
; MISC_FILE                             ; lpm_dff3_bb.v                                         ; --            ; --          ; --             ;
; MISC_FILE                             ; lpm_dff3.inc                                          ; --            ; --          ; --             ;
; MISC_FILE                             ; lpm_mux2.tdf                                          ; --            ; --          ; --             ;
; MISC_FILE                             ; lpm_mux2.bsf                                          ; --            ; --          ; --             ;
; MISC_FILE                             ; lpm_mux2.inc                                          ; --            ; --          ; --             ;
; MISC_FILE                             ; lpm_mux3.tdf                                          ; --            ; --          ; --             ;
; MISC_FILE                             ; lpm_mux3.bsf                                          ; --            ; --          ; --             ;
; MISC_FILE                             ; lpm_mux3.inc                                          ; --            ; --          ; --             ;
; MISC_FILE                             ; lpm_mux4.bsf                                          ; --            ; --          ; --             ;
; MISC_FILE                             ; lpm_mux4_bb.v                                         ; --            ; --          ; --             ;
; MISC_FILE                             ; lpm_mux4.inc                                          ; --            ; --          ; --             ;
; MISC_FILE                             ; lpm_bustri2.tdf                                       ; --            ; --          ; --             ;
; MISC_FILE                             ; lpm_bustri2.bsf                                       ; --            ; --          ; --             ;
; MISC_FILE                             ; lpm_bustri2.inc                                       ; --            ; --          ; --             ;
; MISC_FILE                             ; lpm_latch0.tdf                                        ; --            ; --          ; --             ;
; MISC_FILE                             ; lpm_latch0.bsf                                        ; --            ; --          ; --             ;
; MISC_FILE                             ; lpm_latch0.inc                                        ; --            ; --          ; --             ;
; MISC_FILE                             ; lpm_dff_min.tdf                                       ; --            ; --          ; --             ;
; MISC_FILE                             ; lpm_dff_min.bsf                                       ; --            ; --          ; --             ;
; MISC_FILE                             ; lpm_dff_min.inc                                       ; --            ; --          ; --             ;
; MISC_FILE                             ; lpm_bustri3.tdf                                       ; --            ; --          ; --             ;
; MISC_FILE                             ; lpm_bustri3.bsf                                       ; --            ; --          ; --             ;
; MISC_FILE                             ; lpm_bustri3.inc                                       ; --            ; --          ; --             ;
; MISC_FILE                             ; altufm_osc0.tdf                                       ; --            ; --          ; --             ;
; MISC_FILE                             ; altufm_osc0.bsf                                       ; --            ; --          ; --             ;
; MISC_FILE                             ; altufm_osc0.inc                                       ; --            ; --          ; --             ;
; MISC_FILE                             ; lpm_xor0.tdf                                          ; --            ; --          ; --             ;
; MISC_FILE                             ; lpm_xor0.bsf                                          ; --            ; --          ; --             ;
; MISC_FILE                             ; lpm_xor0.inc                                          ; --            ; --          ; --             ;
; MISC_FILE                             ; lpm_dff4.tdf                                          ; --            ; --          ; --             ;
; MISC_FILE                             ; lpm_dff4.bsf                                          ; --            ; --          ; --             ;
; MISC_FILE                             ; lpm_dff4.inc                                          ; --            ; --          ; --             ;
; MISC_FILE                             ; lpm_counter1.tdf                                      ; --            ; --          ; --             ;
; MISC_FILE                             ; lpm_counter1.bsf                                      ; --            ; --          ; --             ;
; MISC_FILE                             ; lpm_counter1.inc                                      ; --            ; --          ; --             ;
; MISC_FILE                             ; lpm_or0.tdf                                           ; --            ; --          ; --             ;
; MISC_FILE                             ; lpm_or0.bsf                                           ; --            ; --          ; --             ;
; MISC_FILE                             ; lpm_or0.inc                                           ; --            ; --          ; --             ;
; MISC_FILE                             ; lpm_and0.tdf                                          ; --            ; --          ; --             ;
; MISC_FILE                             ; lpm_and0.bsf                                          ; --            ; --          ; --             ;
; MISC_FILE                             ; lpm_and0.inc                                          ; --            ; --          ; --             ;
; MISC_FILE                             ; lpm_and1.tdf                                          ; --            ; --          ; --             ;
; MISC_FILE                             ; lpm_and1.bsf                                          ; --            ; --          ; --             ;
; MISC_FILE                             ; lpm_and1.inc                                          ; --            ; --          ; --             ;
; MISC_FILE                             ; lpm_or1.tdf                                           ; --            ; --          ; --             ;
; MISC_FILE                             ; lpm_or1.bsf                                           ; --            ; --          ; --             ;
; MISC_FILE                             ; lpm_or1.inc                                           ; --            ; --          ; --             ;
; MISC_FILE                             ; lpm_xor1.tdf                                          ; --            ; --          ; --             ;
; MISC_FILE                             ; lpm_xor1.bsf                                          ; --            ; --          ; --             ;
; MISC_FILE                             ; lpm_xor1.inc                                          ; --            ; --          ; --             ;
; MISC_FILE                             ; lpm_mux8.tdf                                          ; --            ; --          ; --             ;
; MISC_FILE                             ; lpm_mux8.bsf                                          ; --            ; --          ; --             ;
; MISC_FILE                             ; lpm_mux8.inc                                          ; --            ; --          ; --             ;
; MISC_FILE                             ; lpm_ff0.tdf                                           ; --            ; --          ; --             ;
; MISC_FILE                             ; lpm_ff0.bsf                                           ; --            ; --          ; --             ;
; MISC_FILE                             ; lpm_ff0.inc                                           ; --            ; --          ; --             ;
; MISC_FILE                             ; lpm_compare2.bsf                                      ; --            ; --          ; --             ;
; MISC_FILE                             ; lpm_compare2_bb.v                                     ; --            ; --          ; --             ;
; MISC_FILE                             ; lpm_compare2.inc                                      ; --            ; --          ; --             ;
; MISC_FILE                             ; lpm_inv0.bsf                                          ; --            ; --          ; --             ;
; MISC_FILE                             ; lpm_inv0_bb.v                                         ; --            ; --          ; --             ;
; MISC_FILE                             ; lpm_inv0.inc                                          ; --            ; --          ; --             ;
; MISC_FILE                             ; lpm_counter2.bsf                                      ; --            ; --          ; --             ;
; MISC_FILE                             ; lpm_counter2_bb.v                                     ; --            ; --          ; --             ;
; MISC_FILE                             ; lpm_counter2.inc                                      ; --            ; --          ; --             ;
; MISC_FILE                             ; lpm_and2.bsf                                          ; --            ; --          ; --             ;
; MISC_FILE                             ; lpm_and2_bb.v                                         ; --            ; --          ; --             ;
; MISC_FILE                             ; lpm_and2.inc                                          ; --            ; --          ; --             ;
; MISC_FILE                             ; lpm_dff5.bsf                                          ; --            ; --          ; --             ;
; MISC_FILE                             ; lpm_dff5_bb.v                                         ; --            ; --          ; --             ;
; MISC_FILE                             ; lpm_dff5.inc                                          ; --            ; --          ; --             ;
; MISC_FILE                             ; lpm_dff6.bsf                                          ; --            ; --          ; --             ;
; MISC_FILE                             ; lpm_dff6_bb.v                                         ; --            ; --          ; --             ;
; MISC_FILE                             ; lpm_dff6.inc                                          ; --            ; --          ; --             ;
; MISC_FILE                             ; lpm_fifo0.bsf                                         ; --            ; --          ; --             ;
; MISC_FILE                             ; lpm_fifo0_bb.v                                        ; --            ; --          ; --             ;
; MISC_FILE                             ; lpm_fifo0.inc                                         ; --            ; --          ; --             ;
; MISC_FILE                             ; lpm_counter3.bsf                                      ; --            ; --          ; --             ;
; MISC_FILE                             ; lpm_counter3_bb.v                                     ; --            ; --          ; --             ;
; MISC_FILE                             ; lpm_counter3.inc                                      ; --            ; --          ; --             ;
; PHYSICAL_SYNTHESIS_COMBO_LOGIC        ; On                                                    ; Off           ; --          ; --             ;
; PHYSICAL_SYNTHESIS_EFFORT             ; Extra                                                 ; Normal        ; --          ; --             ;
; POWER_DEFAULT_INPUT_IO_TOGGLE_RATE    ; 80%                                                   ; 12.5%         ; --          ; --             ;
; POWER_EXT_SUPPLY_VOLTAGE_TO_REGULATOR ; 3.3V                                                  ; --            ; --          ; --             ;
; POWER_PRESET_COOLING_SOLUTION         ; No Heat Sink With Still Air                           ; --            ; --          ; --             ;
; REPORT_IO_PATHS_SEPARATELY            ; On                                                    ; Off           ; --          ; --             ;
; ROUTER_TIMING_OPTIMIZATION_LEVEL      ; MAXIMUM                                               ; Normal        ; --          ; --             ;
; SYNTH_TIMING_DRIVEN_SYNTHESIS         ; Off                                                   ; --            ; --          ; --             ;
; TOP_LEVEL_ENTITY                      ; NS3                                                   ; HW3_2         ; --          ; --             ;
; USE_GENERATED_PHYSICAL_CONSTRAINTS    ; Off                                                   ; --            ; --          ; eda_blast_fpga ;
+---------------------------------------+-------------------------------------------------------+---------------+-------------+----------------+


+----------------------------------------------------------------------------------------------------------------------------------------------+
; Flow Elapsed Time                                                                                                                            ;
+------------------------------------------+--------------+-------------------------+---------------------+------------------------------------+
; Module Name                              ; Elapsed Time ; Average Processors Used ; Peak Virtual Memory ; Total CPU Time (on all processors) ;
+------------------------------------------+--------------+-------------------------+---------------------+------------------------------------+
; Analysis & Synthesis                     ; 00:00:09     ; 1.0                     ; 207 MB              ; 00:00:09                           ;
; Fitter                                   ; 00:00:08     ; 1.0                     ; 180 MB              ; 00:00:09                           ;
; Assembler                                ; 00:00:01     ; 1.0                     ; 166 MB              ; 00:00:01                           ;
; Classic Timing Analyzer Constraint Check ; 00:00:04     ; 1.0                     ; 151 MB              ; 00:00:05                           ;
; Classic Timing Analyzer                  ; 00:00:03     ; 1.0                     ; 137 MB              ; 00:00:03                           ;
; Total                                    ; 00:00:25     ; --                      ; --                  ; 00:00:27                           ;
+------------------------------------------+--------------+-------------------------+---------------------+------------------------------------+


+-----------------------------------------------------------------------------------------------------------+
; Flow OS Summary                                                                                           ;
+------------------------------------------+------------------+---------------+------------+----------------+
; Module Name                              ; Machine Hostname ; OS Name       ; OS Version ; Processor type ;
+------------------------------------------+------------------+---------------+------------+----------------+
; Analysis & Synthesis                     ; REVO             ; Windows Vista ; 6.1        ; i686           ;
; Fitter                                   ; REVO             ; Windows Vista ; 6.1        ; i686           ;
; Assembler                                ; REVO             ; Windows Vista ; 6.1        ; i686           ;
; Classic Timing Analyzer Constraint Check ; REVO             ; Windows Vista ; 6.1        ; i686           ;
; Classic Timing Analyzer                  ; REVO             ; Windows Vista ; 6.1        ; i686           ;
+------------------------------------------+------------------+---------------+------------+----------------+


------------
; Flow Log ;
------------
quartus_map --read_settings_files=on --write_settings_files=off NS3_HWrev3_2 -c HW3_2
quartus_fit --read_settings_files=off --write_settings_files=off NS3_HWrev3_2 -c HW3_2
quartus_asm --read_settings_files=off --write_settings_files=off NS3_HWrev3_2 -c HW3_2
quartus_tan --read_settings_files=off --write_settings_files=off NS3_HWrev3_2 -c HW3_2 --check_constraints
quartus_tan --read_settings_files=off --write_settings_files=off NS3_HWrev3_2 -c HW3_2



