EDA Netlist Writer report for HW3_2
Fri Apr 10 16:52:28 2015
Quartus II Version 9.1 Build 350 03/24/2010 Service Pack 2 SJ Web Edition


---------------------
; Table of Contents ;
---------------------
  1. Legal Notice
  2. EDA Netlist Writer Summary
  3. Resynthesis Settings
  4. Resynthesis Generated Files
  5. EDA Netlist Writer Messages



----------------
; Legal Notice ;
----------------
Copyright (C) 1991-2010 Altera Corporation
Your use of Altera Corporation's design tools, logic functions 
and other software and tools, and its AMPP partner logic 
functions, and any output files from any of the foregoing 
(including device programming or simulation files), and any 
associated documentation or information are expressly subject 
to the terms and conditions of the Altera Program License 
Subscription Agreement, Altera MegaCore Function License 
Agreement, or other applicable license agreement, including, 
without limitation, that your use is for the sole purpose of 
programming logic devices manufactured by Altera and sold by 
Altera or its authorized distributors.  Please refer to the 
applicable agreement for further details.



+--------------------------------------------------------------------+
; EDA Netlist Writer Summary                                         ;
+----------------------------+---------------------------------------+
; EDA Netlist Writer Status  ; Successful - Fri Apr 10 16:52:28 2015 ;
; Revision Name              ; HW3_2                                 ;
; Top-level Entity Name      ; NS3                                   ;
; Family                     ; MAX II                                ;
; Resynthesis Files Creation ; Successful                            ;
+----------------------------+---------------------------------------+


+------------------------------+
; Resynthesis Settings         ;
+-----------+------------------+
; Option    ; Setting          ;
+-----------+------------------+
; Tool Name ; Synplify Premier ;
+-----------+------------------+


+---------------------------------------------------------------+
; Resynthesis Generated Files                                   ;
+---------------------------------------------------------------+
; Generated Files                                               ;
+---------------------------------------------------------------+
; C:/Projects/Altera/NS3_HWrev3_2/resynthesis/premier/HW3_2.psd ;
+---------------------------------------------------------------+


+-----------------------------+
; EDA Netlist Writer Messages ;
+-----------------------------+
Info: *******************************************************************
Info: Running Quartus II EDA Netlist Writer
    Info: Version 9.1 Build 350 03/24/2010 Service Pack 2 SJ Web Edition
    Info: Processing started: Fri Apr 10 16:52:27 2015
Info: Command: quartus_eda --read_settings_files=off --write_settings_files=off NS3_HWrev3_2 -c HW3_2
Info: Quartus II EDA Netlist Writer was successful. 0 errors, 0 warnings
    Info: Peak virtual memory: 159 megabytes
    Info: Processing ended: Fri Apr 10 16:52:28 2015
    Info: Elapsed time: 00:00:01
    Info: Total CPU time (on all processors): 00:00:01


