Analysis & Synthesis report for HW3_2
Fri Apr 10 16:51:55 2015
Quartus II Version 9.1 Build 350 03/24/2010 Service Pack 2 SJ Web Edition


---------------------
; Table of Contents ;
---------------------
  1. Legal Notice
  2. Analysis & Synthesis Summary
  3. Analysis & Synthesis Settings
  4. Parallel Compilation
  5. Analysis & Synthesis Source Files Read
  6. Analysis & Synthesis Resource Usage Summary
  7. Analysis & Synthesis Resource Utilization by Entity
  8. Registers Removed During Synthesis
  9. General Register Statistics
 10. Multiplexer Restructuring Statistics (No Restructuring Performed)
 11. Source assignments for lpm_counter2:inst25|lpm_counter:lpm_counter_component
 12. Source assignments for Read_counter:inst2|lpm_counter:lpm_counter_component
 13. Parameter Settings for User Entity Instance: lpm_bustri0:inst49|lpm_bustri:lpm_bustri_component
 14. Parameter Settings for User Entity Instance: lpm_mux1:inst26|lpm_mux:lpm_mux_component
 15. Parameter Settings for User Entity Instance: lpm_mux7:inst12|lpm_mux:lpm_mux_component
 16. Parameter Settings for User Entity Instance: lpm_dff4:inst24|lpm_ff:lpm_ff_component
 17. Parameter Settings for User Entity Instance: lpm_dff5:inst63|lpm_ff:lpm_ff_component
 18. Parameter Settings for User Entity Instance: lpm_counter2:inst25|lpm_counter:lpm_counter_component
 19. Parameter Settings for User Entity Instance: lpm_dff3:inst6|lpm_ff:lpm_ff_component
 20. Parameter Settings for User Entity Instance: lpm_mux5:inst58|lpm_mux:lpm_mux_component
 21. Parameter Settings for User Entity Instance: Read_counter:inst2|lpm_counter:lpm_counter_component
 22. Parameter Settings for User Entity Instance: lpm_bustri0:inst3|lpm_bustri:lpm_bustri_component
 23. Parameter Settings for User Entity Instance: lpm_bustri0:inst1|lpm_bustri:lpm_bustri_component
 24. Parameter Settings for User Entity Instance: lpm_dff4:inst31|lpm_ff:lpm_ff_component
 25. Analysis & Synthesis Messages
 26. Analysis & Synthesis Suppressed Messages



----------------
; Legal Notice ;
----------------
Copyright (C) 1991-2010 Altera Corporation
Your use of Altera Corporation's design tools, logic functions 
and other software and tools, and its AMPP partner logic 
functions, and any output files from any of the foregoing 
(including device programming or simulation files), and any 
associated documentation or information are expressly subject 
to the terms and conditions of the Altera Program License 
Subscription Agreement, Altera MegaCore Function License 
Agreement, or other applicable license agreement, including, 
without limitation, that your use is for the sole purpose of 
programming logic devices manufactured by Altera and sold by 
Altera or its authorized distributors.  Please refer to the 
applicable agreement for further details.



+----------------------------------------------------------------------------+
; Analysis & Synthesis Summary                                               ;
+-----------------------------+----------------------------------------------+
; Analysis & Synthesis Status ; Successful - Fri Apr 10 16:51:55 2015        ;
; Quartus II Version          ; 9.1 Build 350 03/24/2010 SP 2 SJ Web Edition ;
; Revision Name               ; HW3_2                                        ;
; Top-level Entity Name       ; NS3                                          ;
; Family                      ; MAX II                                       ;
; Total logic elements        ; 574                                          ;
; Total pins                  ; 98                                           ;
; Total virtual pins          ; 0                                            ;
; UFM blocks                  ; 0 / 1 ( 0 % )                                ;
+-----------------------------+----------------------------------------------+


+----------------------------------------------------------------------------------------------------------------+
; Analysis & Synthesis Settings                                                                                  ;
+----------------------------------------------------------------------------+--------------+--------------------+
; Option                                                                     ; Setting      ; Default Value      ;
+----------------------------------------------------------------------------+--------------+--------------------+
; Device                                                                     ; EPM570T144C5 ;                    ;
; Top-level entity name                                                      ; NS3          ; HW3_2              ;
; Family name                                                                ; MAX II       ; Stratix II         ;
; Optimization Technique                                                     ; Speed        ; Balanced           ;
; Use Generated Physical Constraints File                                    ; Off          ;                    ;
; Use LogicLock Constraints during Resource Balancing                        ; Off          ; On                 ;
; PowerPlay Power Optimization                                               ; Off          ; Normal compilation ;
; Use smart compilation                                                      ; Off          ; Off                ;
; Enable parallel Assembler and TimeQuest Timing Analyzer during compilation ; On           ; On                 ;
; Enable compact report table                                                ; Off          ; Off                ;
; Restructure Multiplexers                                                   ; Auto         ; Auto               ;
; Create Debugging Nodes for IP Cores                                        ; Off          ; Off                ;
; Preserve fewer node names                                                  ; On           ; On                 ;
; Disable OpenCore Plus hardware evaluation                                  ; Off          ; Off                ;
; Verilog Version                                                            ; Verilog_2001 ; Verilog_2001       ;
; VHDL Version                                                               ; VHDL_1993    ; VHDL_1993          ;
; State Machine Processing                                                   ; Auto         ; Auto               ;
; Safe State Machine                                                         ; Off          ; Off                ;
; Extract Verilog State Machines                                             ; On           ; On                 ;
; Extract VHDL State Machines                                                ; On           ; On                 ;
; Ignore Verilog initial constructs                                          ; Off          ; Off                ;
; Iteration limit for constant Verilog loops                                 ; 5000         ; 5000               ;
; Iteration limit for non-constant Verilog loops                             ; 250          ; 250                ;
; Add Pass-Through Logic to Inferred RAMs                                    ; On           ; On                 ;
; Parallel Synthesis                                                         ; Off          ; Off                ;
; NOT Gate Push-Back                                                         ; On           ; On                 ;
; Power-Up Don't Care                                                        ; On           ; On                 ;
; Remove Redundant Logic Cells                                               ; Off          ; Off                ;
; Remove Duplicate Registers                                                 ; On           ; On                 ;
; Ignore CARRY Buffers                                                       ; Off          ; Off                ;
; Ignore CASCADE Buffers                                                     ; Off          ; Off                ;
; Ignore GLOBAL Buffers                                                      ; Off          ; Off                ;
; Ignore ROW GLOBAL Buffers                                                  ; Off          ; Off                ;
; Ignore LCELL Buffers                                                       ; Off          ; Off                ;
; Ignore SOFT Buffers                                                        ; On           ; On                 ;
; Limit AHDL Integers to 32 Bits                                             ; Off          ; Off                ;
; Carry Chain Length                                                         ; 70           ; 70                 ;
; Auto Carry Chains                                                          ; On           ; On                 ;
; Auto Open-Drain Pins                                                       ; On           ; On                 ;
; Perform WYSIWYG Primitive Resynthesis                                      ; Off          ; Off                ;
; Auto Shift Register Replacement                                            ; Auto         ; Auto               ;
; Auto Clock Enable Replacement                                              ; On           ; On                 ;
; Allow Synchronous Control Signals                                          ; On           ; On                 ;
; Force Use of Synchronous Clear Signals                                     ; Off          ; Off                ;
; Auto Resource Sharing                                                      ; Off          ; Off                ;
; Ignore translate_off and synthesis_off directives                          ; Off          ; Off                ;
; Show Parameter Settings Tables in Synthesis Report                         ; On           ; On                 ;
; Ignore Maximum Fan-Out Assignments                                         ; Off          ; Off                ;
; Synchronization Register Chain Length                                      ; 2            ; 2                  ;
; HDL message level                                                          ; Level2       ; Level2             ;
; Suppress Register Optimization Related Messages                            ; Off          ; Off                ;
; Number of Removed Registers Reported in Synthesis Report                   ; 5000         ; 5000               ;
; Number of Inverted Registers Reported in Synthesis Report                  ; 100          ; 100                ;
; Clock MUX Protection                                                       ; On           ; On                 ;
; Block Design Naming                                                        ; Auto         ; Auto               ;
; Synthesis Effort                                                           ; Auto         ; Auto               ;
; Shift Register Replacement - Allow Asynchronous Clear Signal               ; On           ; On                 ;
; Analysis & Synthesis Message Level                                         ; Medium       ; Medium             ;
; Disable Register Merging Across Hierarchies                                ; Auto         ; Auto               ;
+----------------------------------------------------------------------------+--------------+--------------------+


Parallel compilation was disabled, but you have multiple processors available. Enable parallel compilation to reduce compilation time.
+-------------------------------------+
; Parallel Compilation                ;
+----------------------------+--------+
; Processors                 ; Number ;
+----------------------------+--------+
; Number detected on machine ; 2      ;
; Maximum allowed            ; 1      ;
+----------------------------+--------+


+-----------------------------------------------------------------------------------------------------------------------------------------------------------+
; Analysis & Synthesis Source Files Read                                                                                                                    ;
+----------------------------------+-----------------+------------------------------------+-----------------------------------------------------------------+
; File Name with User-Entered Path ; Used in Netlist ; File Type                          ; File Name with Absolute Path                                    ;
+----------------------------------+-----------------+------------------------------------+-----------------------------------------------------------------+
; lpm_dff4.tdf                     ; yes             ; User Wizard-Generated File         ; C:/Projects/Altera/NS3_HWrev3_2/lpm_dff4.tdf                    ;
; MIN_MAX.v                        ; yes             ; User Verilog HDL File              ; C:/Projects/Altera/NS3_HWrev3_2/MIN_MAX.v                       ;
; Registers.v                      ; yes             ; User Verilog HDL File              ; C:/Projects/Altera/NS3_HWrev3_2/Registers.v                     ;
; Synchronization.v                ; yes             ; User Verilog HDL File              ; C:/Projects/Altera/NS3_HWrev3_2/Synchronization.v               ;
; NS3.bdf                          ; yes             ; User Block Diagram/Schematic File  ; C:/Projects/Altera/NS3_HWrev3_2/NS3.bdf                         ;
; Read_counter.tdf                 ; yes             ; User Wizard-Generated File         ; C:/Projects/Altera/NS3_HWrev3_2/Read_counter.tdf                ;
; lpm_mux5.tdf                     ; yes             ; User Wizard-Generated File         ; C:/Projects/Altera/NS3_HWrev3_2/lpm_mux5.tdf                    ;
; lpm_mux1.tdf                     ; yes             ; User Wizard-Generated File         ; C:/Projects/Altera/NS3_HWrev3_2/lpm_mux1.tdf                    ;
; lpm_bustri0.tdf                  ; yes             ; User Wizard-Generated File         ; C:/Projects/Altera/NS3_HWrev3_2/lpm_bustri0.tdf                 ;
; lpm_dff3.v                       ; yes             ; User Wizard-Generated File         ; C:/Projects/Altera/NS3_HWrev3_2/lpm_dff3.v                      ;
; Decimation_counter.v             ; yes             ; User Verilog HDL File              ; C:/Projects/Altera/NS3_HWrev3_2/Decimation_counter.v            ;
; lpm_counter2.v                   ; yes             ; User Wizard-Generated File         ; C:/Projects/Altera/NS3_HWrev3_2/lpm_counter2.v                  ;
; lpm_dff5.v                       ; yes             ; User Wizard-Generated File         ; C:/Projects/Altera/NS3_HWrev3_2/lpm_dff5.v                      ;
; lpm_mux.inc                      ; yes             ; Auto-Found AHDL File               ; c:/altera/91sp2/quartus/libraries/megafunctions/lpm_mux.inc     ;
; lpm_ff.inc                       ; yes             ; Auto-Found AHDL File               ; c:/altera/91sp2/quartus/libraries/megafunctions/lpm_ff.inc      ;
; lpm_counter.inc                  ; yes             ; Megafunction                       ; c:/altera/91sp2/quartus/libraries/megafunctions/lpm_counter.inc ;
; trigger.v                        ; yes             ; Auto-Found Verilog HDL File        ; C:/Projects/Altera/NS3_HWrev3_2/trigger.v                       ;
; WIN_Counter.v                    ; yes             ; Auto-Found Verilog HDL File        ; C:/Projects/Altera/NS3_HWrev3_2/WIN_Counter.v                   ;
; lpm_bustri.inc                   ; yes             ; Auto-Found AHDL File               ; c:/altera/91sp2/quartus/libraries/megafunctions/lpm_bustri.inc  ;
; lpm_bustri.tdf                   ; yes             ; Megafunction                       ; c:/altera/91sp2/quartus/libraries/megafunctions/lpm_bustri.tdf  ;
; lpm_mux.tdf                      ; yes             ; Megafunction                       ; c:/altera/91sp2/quartus/libraries/megafunctions/lpm_mux.tdf     ;
; db/mux_l9c.tdf                   ; yes             ; Auto-Generated Megafunction        ; C:/Projects/Altera/NS3_HWrev3_2/db/mux_l9c.tdf                  ;
; lpm_mux7.tdf                     ; yes             ; Auto-Found Wizard-Generated File   ; C:/Projects/Altera/NS3_HWrev3_2/lpm_mux7.tdf                    ;
; db/mux_h9c.tdf                   ; yes             ; Auto-Generated Megafunction        ; C:/Projects/Altera/NS3_HWrev3_2/db/mux_h9c.tdf                  ;
; lpm_ff.tdf                       ; yes             ; Megafunction                       ; c:/altera/91sp2/quartus/libraries/megafunctions/lpm_ff.tdf      ;
; lpm_counter.tdf                  ; yes             ; Megafunction                       ; c:/altera/91sp2/quartus/libraries/megafunctions/lpm_counter.tdf ;
; db/cntr_rpi.tdf                  ; yes             ; Auto-Generated Megafunction        ; C:/Projects/Altera/NS3_HWrev3_2/db/cntr_rpi.tdf                 ;
; db/mux_6bc.tdf                   ; yes             ; Auto-Generated Megafunction        ; C:/Projects/Altera/NS3_HWrev3_2/db/mux_6bc.tdf                  ;
; db/cntr_lkh.tdf                  ; yes             ; Auto-Generated Megafunction        ; C:/Projects/Altera/NS3_HWrev3_2/db/cntr_lkh.tdf                 ;
+----------------------------------+-----------------+------------------------------------+-----------------------------------------------------------------+


+------------------------------------------------------+
; Analysis & Synthesis Resource Usage Summary          ;
+---------------------------------------------+--------+
; Resource                                    ; Usage  ;
+---------------------------------------------+--------+
; Total logic elements                        ; 574    ;
;     -- Combinational with no register       ; 251    ;
;     -- Register only                        ; 202    ;
;     -- Combinational with a register        ; 121    ;
;                                             ;        ;
; Logic element usage by number of LUT inputs ;        ;
;     -- 4 input functions                    ; 131    ;
;     -- 3 input functions                    ; 158    ;
;     -- 2 input functions                    ; 79     ;
;     -- 1 input functions                    ; 3      ;
;     -- 0 input functions                    ; 1      ;
;                                             ;        ;
; Logic elements by mode                      ;        ;
;     -- normal mode                          ; 461    ;
;     -- arithmetic mode                      ; 113    ;
;     -- qfbk mode                            ; 0      ;
;     -- register cascade mode                ; 0      ;
;     -- synchronous clear/load mode          ; 77     ;
;     -- asynchronous clear/load mode         ; 18     ;
;                                             ;        ;
; Total registers                             ; 323    ;
; Total logic cells in carry chains           ; 124    ;
; I/O pins                                    ; 98     ;
; Maximum fan-out node                        ; IN_CLK ;
; Maximum fan-out                             ; 196    ;
; Total fan-out                               ; 2176   ;
; Average fan-out                             ; 3.24   ;
+---------------------------------------------+--------+


+----------------------------------------------------------------------------------------------------------------------------------------------------------------------------------------------------------------------------------------------------------------------------------------------------+
; Analysis & Synthesis Resource Utilization by Entity                                                                                                                                                                                                                                                ;
+-------------------------------------------+-------------+--------------+------------+------+--------------+--------------+-------------------+------------------+-----------------+------------+------------------------------------------------------------------------------------+--------------+
; Compilation Hierarchy Node                ; Logic Cells ; LC Registers ; UFM Blocks ; Pins ; Virtual Pins ; LUT-Only LCs ; Register-Only LCs ; LUT/Register LCs ; Carry Chain LCs ; Packed LCs ; Full Hierarchy Name                                                                ; Library Name ;
+-------------------------------------------+-------------+--------------+------------+------+--------------+--------------+-------------------+------------------+-----------------+------------+------------------------------------------------------------------------------------+--------------+
; |NS3                                      ; 574 (7)     ; 323          ; 0          ; 98   ; 0            ; 251 (6)      ; 202 (1)           ; 121 (0)          ; 124 (0)         ; 0 (0)      ; |NS3                                                                               ; work         ;
;    |Decimation_counter:inst13|            ; 35 (35)     ; 27           ; 0          ; 0    ; 0            ; 8 (8)        ; 2 (2)             ; 25 (25)          ; 24 (24)         ; 0 (0)      ; |NS3|Decimation_counter:inst13                                                     ; work         ;
;    |MIN_MAX:inst80|                       ; 66 (66)     ; 40           ; 0          ; 0    ; 0            ; 26 (26)      ; 24 (24)           ; 16 (16)          ; 16 (16)         ; 0 (0)      ; |NS3|MIN_MAX:inst80                                                                ; work         ;
;    |MIN_MAX:inst81|                       ; 66 (66)     ; 40           ; 0          ; 0    ; 0            ; 26 (26)      ; 24 (24)           ; 16 (16)          ; 16 (16)         ; 0 (0)      ; |NS3|MIN_MAX:inst81                                                                ; work         ;
;    |Read_counter:inst2|                   ; 19 (0)      ; 18           ; 0          ; 0    ; 0            ; 1 (0)        ; 0 (0)             ; 18 (0)           ; 18 (0)          ; 0 (0)      ; |NS3|Read_counter:inst2                                                            ; work         ;
;       |lpm_counter:lpm_counter_component| ; 19 (0)      ; 18           ; 0          ; 0    ; 0            ; 1 (0)        ; 0 (0)             ; 18 (0)           ; 18 (0)          ; 0 (0)      ; |NS3|Read_counter:inst2|lpm_counter:lpm_counter_component                          ; work         ;
;          |cntr_lkh:auto_generated|        ; 19 (19)     ; 18           ; 0          ; 0    ; 0            ; 1 (1)        ; 0 (0)             ; 18 (18)          ; 18 (18)         ; 0 (0)      ; |NS3|Read_counter:inst2|lpm_counter:lpm_counter_component|cntr_lkh:auto_generated  ; work         ;
;    |Registers:inst|                       ; 235 (235)   ; 116          ; 0          ; 0    ; 0            ; 119 (119)    ; 116 (116)         ; 0 (0)            ; 0 (0)           ; 0 (0)      ; |NS3|Registers:inst                                                                ; work         ;
;    |Synchronization:inst74|               ; 86 (2)      ; 39           ; 0          ; 0    ; 0            ; 47 (0)       ; 1 (1)             ; 38 (1)           ; 42 (0)          ; 0 (0)      ; |NS3|Synchronization:inst74                                                        ; work         ;
;       |WIN_Counter:WIN_Counter_1|         ; 32 (32)     ; 19           ; 0          ; 0    ; 0            ; 13 (13)      ; 0 (0)             ; 19 (19)          ; 18 (18)         ; 0 (0)      ; |NS3|Synchronization:inst74|WIN_Counter:WIN_Counter_1                              ; work         ;
;       |trigger:trigger_1|                 ; 52 (52)     ; 18           ; 0          ; 0    ; 0            ; 34 (34)      ; 0 (0)             ; 18 (18)          ; 24 (24)         ; 0 (0)      ; |NS3|Synchronization:inst74|trigger:trigger_1                                      ; work         ;
;    |lpm_counter2:inst25|                  ; 8 (0)       ; 8            ; 0          ; 0    ; 0            ; 0 (0)        ; 0 (0)             ; 8 (0)            ; 8 (0)           ; 0 (0)      ; |NS3|lpm_counter2:inst25                                                           ; work         ;
;       |lpm_counter:lpm_counter_component| ; 8 (0)       ; 8            ; 0          ; 0    ; 0            ; 0 (0)        ; 0 (0)             ; 8 (0)            ; 8 (0)           ; 0 (0)      ; |NS3|lpm_counter2:inst25|lpm_counter:lpm_counter_component                         ; work         ;
;          |cntr_rpi:auto_generated|        ; 8 (8)       ; 8            ; 0          ; 0    ; 0            ; 0 (0)        ; 0 (0)             ; 8 (8)            ; 8 (8)           ; 0 (0)      ; |NS3|lpm_counter2:inst25|lpm_counter:lpm_counter_component|cntr_rpi:auto_generated ; work         ;
;    |lpm_dff3:inst6|                       ; 18 (0)      ; 18           ; 0          ; 0    ; 0            ; 0 (0)        ; 18 (0)            ; 0 (0)            ; 0 (0)           ; 0 (0)      ; |NS3|lpm_dff3:inst6                                                                ; work         ;
;       |lpm_ff:lpm_ff_component|           ; 18 (18)     ; 18           ; 0          ; 0    ; 0            ; 0 (0)        ; 18 (18)           ; 0 (0)            ; 0 (0)           ; 0 (0)      ; |NS3|lpm_dff3:inst6|lpm_ff:lpm_ff_component                                        ; work         ;
;    |lpm_dff4:inst24|                      ; 8 (0)       ; 8            ; 0          ; 0    ; 0            ; 0 (0)        ; 8 (0)             ; 0 (0)            ; 0 (0)           ; 0 (0)      ; |NS3|lpm_dff4:inst24                                                               ; work         ;
;       |lpm_ff:lpm_ff_component|           ; 8 (8)       ; 8            ; 0          ; 0    ; 0            ; 0 (0)        ; 8 (8)             ; 0 (0)            ; 0 (0)           ; 0 (0)      ; |NS3|lpm_dff4:inst24|lpm_ff:lpm_ff_component                                       ; work         ;
;    |lpm_dff5:inst63|                      ; 8 (0)       ; 8            ; 0          ; 0    ; 0            ; 0 (0)        ; 8 (0)             ; 0 (0)            ; 0 (0)           ; 0 (0)      ; |NS3|lpm_dff5:inst63                                                               ; work         ;
;       |lpm_ff:lpm_ff_component|           ; 8 (8)       ; 8            ; 0          ; 0    ; 0            ; 0 (0)        ; 8 (8)             ; 0 (0)            ; 0 (0)           ; 0 (0)      ; |NS3|lpm_dff5:inst63|lpm_ff:lpm_ff_component                                       ; work         ;
;    |lpm_mux5:inst58|                      ; 18 (0)      ; 0            ; 0          ; 0    ; 0            ; 18 (0)       ; 0 (0)             ; 0 (0)            ; 0 (0)           ; 0 (0)      ; |NS3|lpm_mux5:inst58                                                               ; work         ;
;       |lpm_mux:lpm_mux_component|         ; 18 (0)      ; 0            ; 0          ; 0    ; 0            ; 18 (0)       ; 0 (0)             ; 0 (0)            ; 0 (0)           ; 0 (0)      ; |NS3|lpm_mux5:inst58|lpm_mux:lpm_mux_component                                     ; work         ;
;          |mux_6bc:auto_generated|         ; 18 (18)     ; 0            ; 0          ; 0    ; 0            ; 18 (18)      ; 0 (0)             ; 0 (0)            ; 0 (0)           ; 0 (0)      ; |NS3|lpm_mux5:inst58|lpm_mux:lpm_mux_component|mux_6bc:auto_generated              ; work         ;
+-------------------------------------------+-------------+--------------+------------+------+--------------+--------------+-------------------+------------------+-----------------+------------+------------------------------------------------------------------------------------+--------------+
Note: For table entries with two numbers listed, the numbers in parentheses indicate the number of resources of the given type used by the specific entity alone. The numbers listed outside of parentheses indicate the total resources of the given type used by the specific entity and all of its sub-entities in the hierarchy.


+--------------------------------------------------------------------------------+
; Registers Removed During Synthesis                                             ;
+---------------------------------------+----------------------------------------+
; Register name                         ; Reason for Removal                     ;
+---------------------------------------+----------------------------------------+
; inst50                                ; Stuck at VCC due to stuck port data_in ;
; Total Number of Removed Registers = 1 ;                                        ;
+---------------------------------------+----------------------------------------+


+------------------------------------------------------+
; General Register Statistics                          ;
+----------------------------------------------+-------+
; Statistic                                    ; Value ;
+----------------------------------------------+-------+
; Total registers                              ; 323   ;
; Number of registers using Synchronous Clear  ; 35    ;
; Number of registers using Synchronous Load   ; 42    ;
; Number of registers using Asynchronous Clear ; 0     ;
; Number of registers using Asynchronous Load  ; 18    ;
; Number of registers using Clock Enable       ; 269   ;
; Number of registers using Preset             ; 0     ;
+----------------------------------------------+-------+


+--------------------------------------------------------------------------------------------------------------------------------------------------------------------------------+
; Multiplexer Restructuring Statistics (No Restructuring Performed)                                                                                                              ;
+--------------------+-----------+---------------+----------------------+------------------------+------------+------------------------------------------------------------------+
; Multiplexer Inputs ; Bus Width ; Baseline Area ; Area if Restructured ; Saving if Restructured ; Registered ; Example Multiplexer Output                                       ;
+--------------------+-----------+---------------+----------------------+------------------------+------------+------------------------------------------------------------------+
; 3:1                ; 8 bits    ; 16 LEs        ; 8 LEs                ; 8 LEs                  ; Yes        ; |NS3|MIN_MAX:inst81|MIN_DATA_IN[7]                               ;
; 3:1                ; 8 bits    ; 16 LEs        ; 8 LEs                ; 8 LEs                  ; Yes        ; |NS3|MIN_MAX:inst81|MAX_DATA_IN[4]                               ;
; 3:1                ; 8 bits    ; 16 LEs        ; 8 LEs                ; 8 LEs                  ; Yes        ; |NS3|MIN_MAX:inst80|MIN_DATA_IN[7]                               ;
; 3:1                ; 8 bits    ; 16 LEs        ; 8 LEs                ; 8 LEs                  ; Yes        ; |NS3|MIN_MAX:inst80|MAX_DATA_IN[7]                               ;
; 4:1                ; 18 bits   ; 36 LEs        ; 18 LEs               ; 18 LEs                 ; Yes        ; |NS3|Synchronization:inst74|WIN_Counter:WIN_Counter_1|WINcnt[15] ;
; 8:1                ; 8 bits    ; 40 LEs        ; 8 LEs                ; 32 LEs                 ; Yes        ; |NS3|Synchronization:inst74|trigger:trigger_1|SlCounter[7]       ;
; 33:1               ; 3 bits    ; 66 LEs        ; 30 LEs               ; 36 LEs                 ; No         ; |NS3|Registers:inst|Mux2                                         ;
; 33:1               ; 2 bits    ; 44 LEs        ; 24 LEs               ; 20 LEs                 ; No         ; |NS3|Registers:inst|Mux7                                         ;
+--------------------+-----------+---------------+----------------------+------------------------+------------+------------------------------------------------------------------+


+------------------------------------------------------------------------------+
; Source assignments for lpm_counter2:inst25|lpm_counter:lpm_counter_component ;
+---------------------------+-------+------+-----------------------------------+
; Assignment                ; Value ; From ; To                                ;
+---------------------------+-------+------+-----------------------------------+
; SUPPRESS_DA_RULE_INTERNAL ; a101  ; -    ; -                                 ;
; SUPPRESS_DA_RULE_INTERNAL ; s102  ; -    ; -                                 ;
; SUPPRESS_DA_RULE_INTERNAL ; s103  ; -    ; -                                 ;
+---------------------------+-------+------+-----------------------------------+


+-----------------------------------------------------------------------------+
; Source assignments for Read_counter:inst2|lpm_counter:lpm_counter_component ;
+---------------------------+-------+------+----------------------------------+
; Assignment                ; Value ; From ; To                               ;
+---------------------------+-------+------+----------------------------------+
; SUPPRESS_DA_RULE_INTERNAL ; a101  ; -    ; -                                ;
; SUPPRESS_DA_RULE_INTERNAL ; s102  ; -    ; -                                ;
; SUPPRESS_DA_RULE_INTERNAL ; s103  ; -    ; -                                ;
+---------------------------+-------+------+----------------------------------+


+-------------------------------------------------------------------------------------------------+
; Parameter Settings for User Entity Instance: lpm_bustri0:inst49|lpm_bustri:lpm_bustri_component ;
+----------------+-------+------------------------------------------------------------------------+
; Parameter Name ; Value ; Type                                                                   ;
+----------------+-------+------------------------------------------------------------------------+
; LPM_WIDTH      ; 8     ; Untyped                                                                ;
+----------------+-------+------------------------------------------------------------------------+
Note: In order to hide this table in the UI and the text report file, please set the "Show Parameter Settings Tables in Synthesis Report" option in "Analysis and Synthesis Settings -> More Settings" to "Off".


+----------------------------------------------------------------------------------------+
; Parameter Settings for User Entity Instance: lpm_mux1:inst26|lpm_mux:lpm_mux_component ;
+------------------------+---------+-----------------------------------------------------+
; Parameter Name         ; Value   ; Type                                                ;
+------------------------+---------+-----------------------------------------------------+
; AUTO_CARRY_CHAINS      ; ON      ; AUTO_CARRY                                          ;
; IGNORE_CARRY_BUFFERS   ; OFF     ; IGNORE_CARRY                                        ;
; AUTO_CASCADE_CHAINS    ; ON      ; AUTO_CASCADE                                        ;
; IGNORE_CASCADE_BUFFERS ; OFF     ; IGNORE_CASCADE                                      ;
; LPM_WIDTH              ; 8       ; Untyped                                             ;
; LPM_SIZE               ; 2       ; Untyped                                             ;
; LPM_WIDTHS             ; 1       ; Untyped                                             ;
; LPM_PIPELINE           ; 0       ; Untyped                                             ;
; CBXI_PARAMETER         ; mux_l9c ; Untyped                                             ;
; DEVICE_FAMILY          ; MAX II  ; Untyped                                             ;
+------------------------+---------+-----------------------------------------------------+
Note: In order to hide this table in the UI and the text report file, please set the "Show Parameter Settings Tables in Synthesis Report" option in "Analysis and Synthesis Settings -> More Settings" to "Off".


+----------------------------------------------------------------------------------------+
; Parameter Settings for User Entity Instance: lpm_mux7:inst12|lpm_mux:lpm_mux_component ;
+------------------------+---------+-----------------------------------------------------+
; Parameter Name         ; Value   ; Type                                                ;
+------------------------+---------+-----------------------------------------------------+
; AUTO_CARRY_CHAINS      ; ON      ; AUTO_CARRY                                          ;
; IGNORE_CARRY_BUFFERS   ; OFF     ; IGNORE_CARRY                                        ;
; AUTO_CASCADE_CHAINS    ; ON      ; AUTO_CASCADE                                        ;
; IGNORE_CASCADE_BUFFERS ; OFF     ; IGNORE_CASCADE                                      ;
; LPM_WIDTH              ; 1       ; Untyped                                             ;
; LPM_SIZE               ; 4       ; Untyped                                             ;
; LPM_WIDTHS             ; 2       ; Untyped                                             ;
; LPM_PIPELINE           ; 0       ; Untyped                                             ;
; CBXI_PARAMETER         ; mux_h9c ; Untyped                                             ;
; DEVICE_FAMILY          ; MAX II  ; Untyped                                             ;
+------------------------+---------+-----------------------------------------------------+
Note: In order to hide this table in the UI and the text report file, please set the "Show Parameter Settings Tables in Synthesis Report" option in "Analysis and Synthesis Settings -> More Settings" to "Off".


+--------------------------------------------------------------------------------------+
; Parameter Settings for User Entity Instance: lpm_dff4:inst24|lpm_ff:lpm_ff_component ;
+------------------------+---------+---------------------------------------------------+
; Parameter Name         ; Value   ; Type                                              ;
+------------------------+---------+---------------------------------------------------+
; LPM_WIDTH              ; 8       ; Untyped                                           ;
; LPM_AVALUE             ; UNUSED  ; Untyped                                           ;
; LPM_SVALUE             ; UNUSED  ; Untyped                                           ;
; LPM_FFTYPE             ; DFF     ; Untyped                                           ;
; DEVICE_FAMILY          ; MAX II  ; Untyped                                           ;
; CBXI_PARAMETER         ; NOTHING ; Untyped                                           ;
; AUTO_CARRY_CHAINS      ; ON      ; AUTO_CARRY                                        ;
; IGNORE_CARRY_BUFFERS   ; OFF     ; IGNORE_CARRY                                      ;
; AUTO_CASCADE_CHAINS    ; ON      ; AUTO_CASCADE                                      ;
; IGNORE_CASCADE_BUFFERS ; OFF     ; IGNORE_CASCADE                                    ;
+------------------------+---------+---------------------------------------------------+
Note: In order to hide this table in the UI and the text report file, please set the "Show Parameter Settings Tables in Synthesis Report" option in "Analysis and Synthesis Settings -> More Settings" to "Off".


+--------------------------------------------------------------------------------------+
; Parameter Settings for User Entity Instance: lpm_dff5:inst63|lpm_ff:lpm_ff_component ;
+------------------------+---------+---------------------------------------------------+
; Parameter Name         ; Value   ; Type                                              ;
+------------------------+---------+---------------------------------------------------+
; LPM_WIDTH              ; 8       ; Signed Integer                                    ;
; LPM_AVALUE             ; UNUSED  ; Untyped                                           ;
; LPM_SVALUE             ; UNUSED  ; Untyped                                           ;
; LPM_FFTYPE             ; DFF     ; Untyped                                           ;
; DEVICE_FAMILY          ; MAX II  ; Untyped                                           ;
; CBXI_PARAMETER         ; NOTHING ; Untyped                                           ;
; AUTO_CARRY_CHAINS      ; ON      ; AUTO_CARRY                                        ;
; IGNORE_CARRY_BUFFERS   ; OFF     ; IGNORE_CARRY                                      ;
; AUTO_CASCADE_CHAINS    ; ON      ; AUTO_CASCADE                                      ;
; IGNORE_CASCADE_BUFFERS ; OFF     ; IGNORE_CASCADE                                    ;
+------------------------+---------+---------------------------------------------------+
Note: In order to hide this table in the UI and the text report file, please set the "Show Parameter Settings Tables in Synthesis Report" option in "Analysis and Synthesis Settings -> More Settings" to "Off".


+----------------------------------------------------------------------------------------------------+
; Parameter Settings for User Entity Instance: lpm_counter2:inst25|lpm_counter:lpm_counter_component ;
+------------------------+-------------+-------------------------------------------------------------+
; Parameter Name         ; Value       ; Type                                                        ;
+------------------------+-------------+-------------------------------------------------------------+
; AUTO_CARRY_CHAINS      ; ON          ; AUTO_CARRY                                                  ;
; IGNORE_CARRY_BUFFERS   ; OFF         ; IGNORE_CARRY                                                ;
; AUTO_CASCADE_CHAINS    ; ON          ; AUTO_CASCADE                                                ;
; IGNORE_CASCADE_BUFFERS ; OFF         ; IGNORE_CASCADE                                              ;
; LPM_WIDTH              ; 8           ; Signed Integer                                              ;
; LPM_DIRECTION          ; UP          ; Untyped                                                     ;
; LPM_MODULUS            ; 0           ; Untyped                                                     ;
; LPM_AVALUE             ; UNUSED      ; Untyped                                                     ;
; LPM_SVALUE             ; UNUSED      ; Untyped                                                     ;
; LPM_PORT_UPDOWN        ; PORT_UNUSED ; Untyped                                                     ;
; DEVICE_FAMILY          ; MAX II      ; Untyped                                                     ;
; CARRY_CHAIN            ; MANUAL      ; Untyped                                                     ;
; CARRY_CHAIN_LENGTH     ; 48          ; CARRY_CHAIN_LENGTH                                          ;
; NOT_GATE_PUSH_BACK     ; ON          ; NOT_GATE_PUSH_BACK                                          ;
; CARRY_CNT_EN           ; SMART       ; Untyped                                                     ;
; LABWIDE_SCLR           ; ON          ; Untyped                                                     ;
; USE_NEW_VERSION        ; TRUE        ; Untyped                                                     ;
; CBXI_PARAMETER         ; cntr_rpi    ; Untyped                                                     ;
+------------------------+-------------+-------------------------------------------------------------+
Note: In order to hide this table in the UI and the text report file, please set the "Show Parameter Settings Tables in Synthesis Report" option in "Analysis and Synthesis Settings -> More Settings" to "Off".


+-------------------------------------------------------------------------------------+
; Parameter Settings for User Entity Instance: lpm_dff3:inst6|lpm_ff:lpm_ff_component ;
+------------------------+---------+--------------------------------------------------+
; Parameter Name         ; Value   ; Type                                             ;
+------------------------+---------+--------------------------------------------------+
; LPM_WIDTH              ; 18      ; Signed Integer                                   ;
; LPM_AVALUE             ; UNUSED  ; Untyped                                          ;
; LPM_SVALUE             ; UNUSED  ; Untyped                                          ;
; LPM_FFTYPE             ; DFF     ; Untyped                                          ;
; DEVICE_FAMILY          ; MAX II  ; Untyped                                          ;
; CBXI_PARAMETER         ; NOTHING ; Untyped                                          ;
; AUTO_CARRY_CHAINS      ; ON      ; AUTO_CARRY                                       ;
; IGNORE_CARRY_BUFFERS   ; OFF     ; IGNORE_CARRY                                     ;
; AUTO_CASCADE_CHAINS    ; ON      ; AUTO_CASCADE                                     ;
; IGNORE_CASCADE_BUFFERS ; OFF     ; IGNORE_CASCADE                                   ;
+------------------------+---------+--------------------------------------------------+
Note: In order to hide this table in the UI and the text report file, please set the "Show Parameter Settings Tables in Synthesis Report" option in "Analysis and Synthesis Settings -> More Settings" to "Off".


+----------------------------------------------------------------------------------------+
; Parameter Settings for User Entity Instance: lpm_mux5:inst58|lpm_mux:lpm_mux_component ;
+------------------------+---------+-----------------------------------------------------+
; Parameter Name         ; Value   ; Type                                                ;
+------------------------+---------+-----------------------------------------------------+
; AUTO_CARRY_CHAINS      ; ON      ; AUTO_CARRY                                          ;
; IGNORE_CARRY_BUFFERS   ; OFF     ; IGNORE_CARRY                                        ;
; AUTO_CASCADE_CHAINS    ; ON      ; AUTO_CASCADE                                        ;
; IGNORE_CASCADE_BUFFERS ; OFF     ; IGNORE_CASCADE                                      ;
; LPM_WIDTH              ; 18      ; Untyped                                             ;
; LPM_SIZE               ; 2       ; Untyped                                             ;
; LPM_WIDTHS             ; 1       ; Untyped                                             ;
; LPM_PIPELINE           ; 0       ; Untyped                                             ;
; CBXI_PARAMETER         ; mux_6bc ; Untyped                                             ;
; DEVICE_FAMILY          ; MAX II  ; Untyped                                             ;
+------------------------+---------+-----------------------------------------------------+
Note: In order to hide this table in the UI and the text report file, please set the "Show Parameter Settings Tables in Synthesis Report" option in "Analysis and Synthesis Settings -> More Settings" to "Off".


+---------------------------------------------------------------------------------------------------+
; Parameter Settings for User Entity Instance: Read_counter:inst2|lpm_counter:lpm_counter_component ;
+------------------------+-----------+--------------------------------------------------------------+
; Parameter Name         ; Value     ; Type                                                         ;
+------------------------+-----------+--------------------------------------------------------------+
; AUTO_CARRY_CHAINS      ; ON        ; AUTO_CARRY                                                   ;
; IGNORE_CARRY_BUFFERS   ; OFF       ; IGNORE_CARRY                                                 ;
; AUTO_CASCADE_CHAINS    ; ON        ; AUTO_CASCADE                                                 ;
; IGNORE_CASCADE_BUFFERS ; OFF       ; IGNORE_CASCADE                                               ;
; LPM_WIDTH              ; 18        ; Untyped                                                      ;
; LPM_DIRECTION          ; DEFAULT   ; Untyped                                                      ;
; LPM_MODULUS            ; 0         ; Untyped                                                      ;
; LPM_AVALUE             ; UNUSED    ; Untyped                                                      ;
; LPM_SVALUE             ; UNUSED    ; Untyped                                                      ;
; LPM_PORT_UPDOWN        ; PORT_USED ; Untyped                                                      ;
; DEVICE_FAMILY          ; MAX II    ; Untyped                                                      ;
; CARRY_CHAIN            ; MANUAL    ; Untyped                                                      ;
; CARRY_CHAIN_LENGTH     ; 48        ; CARRY_CHAIN_LENGTH                                           ;
; NOT_GATE_PUSH_BACK     ; ON        ; NOT_GATE_PUSH_BACK                                           ;
; CARRY_CNT_EN           ; SMART     ; Untyped                                                      ;
; LABWIDE_SCLR           ; ON        ; Untyped                                                      ;
; USE_NEW_VERSION        ; TRUE      ; Untyped                                                      ;
; CBXI_PARAMETER         ; cntr_lkh  ; Untyped                                                      ;
+------------------------+-----------+--------------------------------------------------------------+
Note: In order to hide this table in the UI and the text report file, please set the "Show Parameter Settings Tables in Synthesis Report" option in "Analysis and Synthesis Settings -> More Settings" to "Off".


+------------------------------------------------------------------------------------------------+
; Parameter Settings for User Entity Instance: lpm_bustri0:inst3|lpm_bustri:lpm_bustri_component ;
+----------------+-------+-----------------------------------------------------------------------+
; Parameter Name ; Value ; Type                                                                  ;
+----------------+-------+-----------------------------------------------------------------------+
; LPM_WIDTH      ; 8     ; Untyped                                                               ;
+----------------+-------+-----------------------------------------------------------------------+
Note: In order to hide this table in the UI and the text report file, please set the "Show Parameter Settings Tables in Synthesis Report" option in "Analysis and Synthesis Settings -> More Settings" to "Off".


+------------------------------------------------------------------------------------------------+
; Parameter Settings for User Entity Instance: lpm_bustri0:inst1|lpm_bustri:lpm_bustri_component ;
+----------------+-------+-----------------------------------------------------------------------+
; Parameter Name ; Value ; Type                                                                  ;
+----------------+-------+-----------------------------------------------------------------------+
; LPM_WIDTH      ; 8     ; Untyped                                                               ;
+----------------+-------+-----------------------------------------------------------------------+
Note: In order to hide this table in the UI and the text report file, please set the "Show Parameter Settings Tables in Synthesis Report" option in "Analysis and Synthesis Settings -> More Settings" to "Off".


+--------------------------------------------------------------------------------------+
; Parameter Settings for User Entity Instance: lpm_dff4:inst31|lpm_ff:lpm_ff_component ;
+------------------------+---------+---------------------------------------------------+
; Parameter Name         ; Value   ; Type                                              ;
+------------------------+---------+---------------------------------------------------+
; LPM_WIDTH              ; 8       ; Untyped                                           ;
; LPM_AVALUE             ; UNUSED  ; Untyped                                           ;
; LPM_SVALUE             ; UNUSED  ; Untyped                                           ;
; LPM_FFTYPE             ; DFF     ; Untyped                                           ;
; DEVICE_FAMILY          ; MAX II  ; Untyped                                           ;
; CBXI_PARAMETER         ; NOTHING ; Untyped                                           ;
; AUTO_CARRY_CHAINS      ; ON      ; AUTO_CARRY                                        ;
; IGNORE_CARRY_BUFFERS   ; OFF     ; IGNORE_CARRY                                      ;
; AUTO_CASCADE_CHAINS    ; ON      ; AUTO_CASCADE                                      ;
; IGNORE_CASCADE_BUFFERS ; OFF     ; IGNORE_CASCADE                                    ;
+------------------------+---------+---------------------------------------------------+
Note: In order to hide this table in the UI and the text report file, please set the "Show Parameter Settings Tables in Synthesis Report" option in "Analysis and Synthesis Settings -> More Settings" to "Off".


+-------------------------------+
; Analysis & Synthesis Messages ;
+-------------------------------+
Info: *******************************************************************
Info: Running Quartus II Analysis & Synthesis
    Info: Version 9.1 Build 350 03/24/2010 Service Pack 2 SJ Web Edition
    Info: Processing started: Fri Apr 10 16:51:46 2015
Info: Command: quartus_map --read_settings_files=on --write_settings_files=off NS3_HWrev3_2 -c HW3_2
Info: Found 1 design units, including 1 entities, in source file lpm_mux8.tdf
    Info: Found entity 1: lpm_mux8
Info: Found 1 design units, including 1 entities, in source file lpm_or0.tdf
    Info: Found entity 1: lpm_or0
Info: Found 1 design units, including 1 entities, in source file lpm_and1.tdf
    Info: Found entity 1: lpm_and1
Info: Found 1 design units, including 1 entities, in source file lpm_dff4.tdf
    Info: Found entity 1: lpm_dff4
Info: Found 1 design units, including 1 entities, in source file lpm_xor1.tdf
    Info: Found entity 1: lpm_xor1
Info: Found 1 design units, including 1 entities, in source file lpm_or1.tdf
    Info: Found entity 1: lpm_or1
Info: Found 1 design units, including 1 entities, in source file lpm_and0.tdf
    Info: Found entity 1: lpm_and0
Info: Found 1 design units, including 1 entities, in source file lpm_mux2.tdf
    Info: Found entity 1: lpm_mux2
Info: Found 1 design units, including 1 entities, in source file lpm_dff_min.tdf
    Info: Found entity 1: lpm_dff_min
Info: Found 1 design units, including 1 entities, in source file cntaddr.tdf
    Info: Found entity 1: cntADDR
Info: Found 1 design units, including 1 entities, in source file min_max.v
    Info: Found entity 1: MIN_MAX
Info: Found 1 design units, including 1 entities, in source file registers.v
    Info: Found entity 1: Registers
Info: Found 3 design units, including 3 entities, in source file synchronization.v
    Info: Found entity 1: trigger
    Info: Found entity 2: WIN_Counter
    Info: Found entity 3: Synchronization
Info: Found 1 design units, including 1 entities, in source file lpm_bustri2.tdf
    Info: Found entity 1: lpm_bustri2
Info: Found 1 design units, including 1 entities, in source file ns3.bdf
    Info: Found entity 1: NS3
Info: Found 1 design units, including 1 entities, in source file read_counter.tdf
    Info: Found entity 1: Read_counter
Info: Found 1 design units, including 1 entities, in source file lpm_mux6.tdf
    Info: Found entity 1: lpm_mux6
Info: Found 1 design units, including 1 entities, in source file lpm_mux5.tdf
    Info: Found entity 1: lpm_mux5
Info: Found 1 design units, including 1 entities, in source file lpm_mux1.tdf
    Info: Found entity 1: lpm_mux1
Info: Found 1 design units, including 1 entities, in source file lpm_mux0.tdf
    Info: Found entity 1: lpm_mux0
Info: Found 1 design units, including 1 entities, in source file lpm_dff9.tdf
    Info: Found entity 1: lpm_dff9
Info: Found 1 design units, including 1 entities, in source file lpm_dff8.tdf
    Info: Found entity 1: lpm_dff8
Info: Found 1 design units, including 1 entities, in source file lpm_dff2.tdf
    Info: Found entity 1: lpm_dff2
Info: Found 1 design units, including 1 entities, in source file lpm_dff1.tdf
    Info: Found entity 1: lpm_dff1
Info: Found 1 design units, including 1 entities, in source file lpm_dff0.tdf
    Info: Found entity 1: lpm_dff0
Info: Found 1 design units, including 1 entities, in source file lpm_counter0.tdf
    Info: Found entity 1: lpm_counter0
Info: Found 1 design units, including 1 entities, in source file lpm_compare1.tdf
    Info: Found entity 1: lpm_compare1
Info: Found 1 design units, including 1 entities, in source file lpm_compare0.tdf
    Info: Found entity 1: lpm_compare0
Info: Found 1 design units, including 1 entities, in source file lpm_compare_mp.tdf
    Info: Found entity 1: lpm_compare_mp
Info: Found 1 design units, including 1 entities, in source file lpm_constant2.tdf
    Info: Found entity 1: lpm_constant2
Info: Found 1 design units, including 1 entities, in source file lpm_bustri0.tdf
    Info: Found entity 1: lpm_bustri0
Info: Found 1 design units, including 1 entities, in source file comp.tdf
    Info: Found entity 1: comp
Info: Found 1 design units, including 1 entities, in source file lpm_dff3.v
    Info: Found entity 1: lpm_dff3
Info: Found 1 design units, including 1 entities, in source file lpm_mux4.v
    Info: Found entity 1: lpm_mux4
Info: Found 1 design units, including 1 entities, in source file decimation_counter.v
    Info: Found entity 1: Decimation_counter
Info: Found 1 design units, including 1 entities, in source file pwm_backlight.v
    Info: Found entity 1: PWM_BackLight
Info: Found 1 design units, including 1 entities, in source file lpm_compare2.v
    Info: Found entity 1: lpm_compare2
Info: Found 1 design units, including 1 entities, in source file lpm_inv0.v
    Info: Found entity 1: lpm_inv0
Info: Found 1 design units, including 1 entities, in source file lpm_counter2.v
    Info: Found entity 1: lpm_counter2
Info: Found 1 design units, including 1 entities, in source file lpm_and2.v
    Info: Found entity 1: lpm_and2
Info: Found 1 design units, including 1 entities, in source file lpm_dff5.v
    Info: Found entity 1: lpm_dff5
Info: Found 1 design units, including 1 entities, in source file lpm_dff6.v
    Info: Found entity 1: lpm_dff6
Info: Elaborating entity "NS3" for the top level hierarchy
Warning: Pin "EN0" is missing source
Warning: Pin "EN1" is missing source
Warning: Pin "STR_WR" is missing source
Info: Elaborating entity "Synchronization" for hierarchy "Synchronization:inst74"
Info: Elaborating entity "trigger" for hierarchy "Synchronization:inst74|trigger:trigger_1"
Info: Elaborating entity "WIN_Counter" for hierarchy "Synchronization:inst74|WIN_Counter:WIN_Counter_1"
Info: Elaborating entity "Registers" for hierarchy "Registers:inst"
Info: Elaborating entity "lpm_bustri0" for hierarchy "lpm_bustri0:inst49"
Info: Elaborating entity "lpm_bustri" for hierarchy "lpm_bustri0:inst49|lpm_bustri:lpm_bustri_component"
Info: Elaborated megafunction instantiation "lpm_bustri0:inst49|lpm_bustri:lpm_bustri_component"
Info: Instantiated megafunction "lpm_bustri0:inst49|lpm_bustri:lpm_bustri_component" with the following parameter:
    Info: Parameter "LPM_TYPE" = "LPM_BUSTRI"
    Info: Parameter "LPM_WIDTH" = "8"
Info: Elaborating entity "lpm_mux1" for hierarchy "lpm_mux1:inst26"
Info: Elaborating entity "lpm_mux" for hierarchy "lpm_mux1:inst26|lpm_mux:lpm_mux_component"
Info: Elaborated megafunction instantiation "lpm_mux1:inst26|lpm_mux:lpm_mux_component"
Info: Instantiated megafunction "lpm_mux1:inst26|lpm_mux:lpm_mux_component" with the following parameter:
    Info: Parameter "LPM_TYPE" = "LPM_MUX"
    Info: Parameter "LPM_WIDTH" = "8"
    Info: Parameter "LPM_SIZE" = "2"
    Info: Parameter "LPM_WIDTHS" = "1"
Info: Found 1 design units, including 1 entities, in source file db/mux_l9c.tdf
    Info: Found entity 1: mux_l9c
Info: Elaborating entity "mux_l9c" for hierarchy "lpm_mux1:inst26|lpm_mux:lpm_mux_component|mux_l9c:auto_generated"
Info: Elaborating entity "Decimation_counter" for hierarchy "Decimation_counter:inst13"
Warning: Using design file lpm_mux7.tdf, which is not specified as a design file for the current project, but contains definitions for 1 design units and 1 entities in project
    Info: Found entity 1: lpm_mux7
Info: Elaborating entity "lpm_mux7" for hierarchy "lpm_mux7:inst12"
Info: Elaborating entity "lpm_mux" for hierarchy "lpm_mux7:inst12|lpm_mux:lpm_mux_component"
Info: Elaborated megafunction instantiation "lpm_mux7:inst12|lpm_mux:lpm_mux_component"
Info: Instantiated megafunction "lpm_mux7:inst12|lpm_mux:lpm_mux_component" with the following parameter:
    Info: Parameter "LPM_TYPE" = "LPM_MUX"
    Info: Parameter "LPM_WIDTH" = "1"
    Info: Parameter "LPM_SIZE" = "4"
    Info: Parameter "LPM_WIDTHS" = "2"
Info: Found 1 design units, including 1 entities, in source file db/mux_h9c.tdf
    Info: Found entity 1: mux_h9c
Info: Elaborating entity "mux_h9c" for hierarchy "lpm_mux7:inst12|lpm_mux:lpm_mux_component|mux_h9c:auto_generated"
Info: Elaborating entity "MIN_MAX" for hierarchy "MIN_MAX:inst80"
Info: Elaborating entity "lpm_dff4" for hierarchy "lpm_dff4:inst24"
Info: Elaborating entity "lpm_ff" for hierarchy "lpm_dff4:inst24|lpm_ff:lpm_ff_component"
Info: Elaborated megafunction instantiation "lpm_dff4:inst24|lpm_ff:lpm_ff_component"
Info: Instantiated megafunction "lpm_dff4:inst24|lpm_ff:lpm_ff_component" with the following parameter:
    Info: Parameter "LPM_TYPE" = "LPM_FF"
    Info: Parameter "LPM_WIDTH" = "8"
    Info: Parameter "LPM_FFTYPE" = "DFF"
Info: Elaborating entity "lpm_dff5" for hierarchy "lpm_dff5:inst63"
Info: Elaborating entity "lpm_ff" for hierarchy "lpm_dff5:inst63|lpm_ff:lpm_ff_component"
Info: Elaborated megafunction instantiation "lpm_dff5:inst63|lpm_ff:lpm_ff_component"
Info: Instantiated megafunction "lpm_dff5:inst63|lpm_ff:lpm_ff_component" with the following parameter:
    Info: Parameter "lpm_fftype" = "DFF"
    Info: Parameter "lpm_type" = "LPM_FF"
    Info: Parameter "lpm_width" = "8"
Info: Elaborating entity "lpm_counter2" for hierarchy "lpm_counter2:inst25"
Info: Elaborating entity "lpm_counter" for hierarchy "lpm_counter2:inst25|lpm_counter:lpm_counter_component"
Info: Elaborated megafunction instantiation "lpm_counter2:inst25|lpm_counter:lpm_counter_component"
Info: Instantiated megafunction "lpm_counter2:inst25|lpm_counter:lpm_counter_component" with the following parameter:
    Info: Parameter "lpm_direction" = "UP"
    Info: Parameter "lpm_port_updown" = "PORT_UNUSED"
    Info: Parameter "lpm_type" = "LPM_COUNTER"
    Info: Parameter "lpm_width" = "8"
Info: Found 1 design units, including 1 entities, in source file db/cntr_rpi.tdf
    Info: Found entity 1: cntr_rpi
Info: Elaborating entity "cntr_rpi" for hierarchy "lpm_counter2:inst25|lpm_counter:lpm_counter_component|cntr_rpi:auto_generated"
Info: Elaborating entity "lpm_dff3" for hierarchy "lpm_dff3:inst6"
Info: Elaborating entity "lpm_ff" for hierarchy "lpm_dff3:inst6|lpm_ff:lpm_ff_component"
Info: Elaborated megafunction instantiation "lpm_dff3:inst6|lpm_ff:lpm_ff_component"
Info: Instantiated megafunction "lpm_dff3:inst6|lpm_ff:lpm_ff_component" with the following parameter:
    Info: Parameter "lpm_fftype" = "DFF"
    Info: Parameter "lpm_type" = "LPM_FF"
    Info: Parameter "lpm_width" = "18"
Info: Elaborating entity "lpm_mux5" for hierarchy "lpm_mux5:inst58"
Info: Elaborating entity "lpm_mux" for hierarchy "lpm_mux5:inst58|lpm_mux:lpm_mux_component"
Info: Elaborated megafunction instantiation "lpm_mux5:inst58|lpm_mux:lpm_mux_component"
Info: Instantiated megafunction "lpm_mux5:inst58|lpm_mux:lpm_mux_component" with the following parameter:
    Info: Parameter "LPM_TYPE" = "LPM_MUX"
    Info: Parameter "LPM_WIDTH" = "18"
    Info: Parameter "LPM_SIZE" = "2"
    Info: Parameter "LPM_WIDTHS" = "1"
Info: Found 1 design units, including 1 entities, in source file db/mux_6bc.tdf
    Info: Found entity 1: mux_6bc
Info: Elaborating entity "mux_6bc" for hierarchy "lpm_mux5:inst58|lpm_mux:lpm_mux_component|mux_6bc:auto_generated"
Info: Elaborating entity "Read_counter" for hierarchy "Read_counter:inst2"
Info: Elaborating entity "lpm_counter" for hierarchy "Read_counter:inst2|lpm_counter:lpm_counter_component"
Info: Elaborated megafunction instantiation "Read_counter:inst2|lpm_counter:lpm_counter_component"
Info: Instantiated megafunction "Read_counter:inst2|lpm_counter:lpm_counter_component" with the following parameter:
    Info: Parameter "LPM_TYPE" = "LPM_COUNTER"
    Info: Parameter "LPM_WIDTH" = "18"
    Info: Parameter "LPM_DIRECTION" = "UNUSED"
    Info: Parameter "LPM_PORT_UPDOWN" = "PORT_USED"
Info: Found 1 design units, including 1 entities, in source file db/cntr_lkh.tdf
    Info: Found entity 1: cntr_lkh
Info: Elaborating entity "cntr_lkh" for hierarchy "Read_counter:inst2|lpm_counter:lpm_counter_component|cntr_lkh:auto_generated"
Info: Elaborating entity "lpm_dff4" for hierarchy "lpm_dff4:inst31"
Warning: Output pins are stuck at VCC or GND
    Warning (13410): Pin "EN0" is stuck at GND
    Warning (13410): Pin "EN1" is stuck at GND
    Warning (13410): Pin "STR_WR" is stuck at GND
Info: Implemented 672 device resources after synthesis - the final resource count might be different
    Info: Implemented 33 input pins
    Info: Implemented 41 output pins
    Info: Implemented 24 bidirectional pins
    Info: Implemented 574 logic cells
Info: Generated suppressed messages file C:/Projects/Altera/NS3_HWrev3_2/HW3_2.map.smsg
Info: Quartus II Analysis & Synthesis was successful. 0 errors, 8 warnings
    Info: Peak virtual memory: 207 megabytes
    Info: Processing ended: Fri Apr 10 16:51:55 2015
    Info: Elapsed time: 00:00:09
    Info: Total CPU time (on all processors): 00:00:09


+------------------------------------------+
; Analysis & Synthesis Suppressed Messages ;
+------------------------------------------+
The suppressed messages can be found in C:/Projects/Altera/NS3_HWrev3_2/HW3_2.map.smsg.


